2020-01-22 20:06:48.730 [main] INFO  yaycrawler.master.Application -
                Starting Application on SC-201911282100 with PID 5516 (I:\JavaProject\GIT\yaycrawler.master\target\classes started by Administrator in I:\JavaProject\GIT)
2020-01-22 20:06:48.835 [main] INFO  yaycrawler.master.Application -
                No active profile set, falling back to default profiles: default
2020-01-22 20:07:08.943 [main] INFO  yaycrawler.master.Application -
                Started Application in 21.268 seconds (JVM running for 24.475)
2020-01-22 20:07:27.504 [org.springframework.scheduling.quartz.SchedulerFactoryBean#0_Worker-2] INFO  y.m.quartz.BreakedQueueRefreshTask -
                开始刷新中断任务队列……
2020-01-22 20:07:27.505 [org.springframework.scheduling.quartz.SchedulerFactoryBean#0_Worker-1] INFO  y.master.quartz.WorkerRefreshTask -
                开始刷新已注册的worker……
2020-01-22 20:07:47.497 [org.springframework.scheduling.quartz.SchedulerFactoryBean#0_Worker-3] INFO  y.master.quartz.WorkerRefreshTask -
                开始刷新已注册的worker……
2020-01-22 20:08:07.497 [org.springframework.scheduling.quartz.SchedulerFactoryBean#0_Worker-4] INFO  y.master.quartz.WorkerRefreshTask -
                开始刷新已注册的worker……
2020-01-22 20:08:27.496 [org.springframework.scheduling.quartz.SchedulerFactoryBean#0_Worker-5] INFO  y.master.quartz.WorkerRefreshTask -
                开始刷新已注册的worker……
2020-01-22 20:08:47.496 [org.springframework.scheduling.quartz.SchedulerFactoryBean#0_Worker-6] INFO  y.master.quartz.WorkerRefreshTask -
                开始刷新已注册的worker……
2020-01-22 20:09:07.496 [org.springframework.scheduling.quartz.SchedulerFactoryBean#0_Worker-7] INFO  y.master.quartz.WorkerRefreshTask -
                开始刷新已注册的worker……
2020-01-22 20:09:27.496 [org.springframework.scheduling.quartz.SchedulerFactoryBean#0_Worker-8] INFO  y.master.quartz.WorkerRefreshTask -
                开始刷新已注册的worker……
2020-01-22 20:09:47.496 [org.springframework.scheduling.quartz.SchedulerFactoryBean#0_Worker-9] INFO  y.master.quartz.WorkerRefreshTask -
                开始刷新已注册的worker……
2020-01-22 20:10:07.496 [org.springframework.scheduling.quartz.SchedulerFactoryBean#0_Worker-10] INFO  y.master.quartz.WorkerRefreshTask -
                开始刷新已注册的worker……
2020-01-22 20:10:27.497 [org.springframework.scheduling.quartz.SchedulerFactoryBean#0_Worker-1] INFO  y.master.quartz.WorkerRefreshTask -
                开始刷新已注册的worker……
2020-01-22 20:10:47.496 [org.springframework.scheduling.quartz.SchedulerFactoryBean#0_Worker-2] INFO  y.master.quartz.WorkerRefreshTask -
                开始刷新已注册的worker……
2020-01-22 20:11:07.498 [org.springframework.scheduling.quartz.SchedulerFactoryBean#0_Worker-3] INFO  y.master.quartz.WorkerRefreshTask -
                开始刷新已注册的worker……
2020-01-22 20:11:27.496 [org.springframework.scheduling.quartz.SchedulerFactoryBean#0_Worker-4] INFO  y.master.quartz.WorkerRefreshTask -
                开始刷新已注册的worker……
2020-01-22 20:11:47.497 [org.springframework.scheduling.quartz.SchedulerFactoryBean#0_Worker-5] INFO  y.master.quartz.WorkerRefreshTask -
                开始刷新已注册的worker……
2020-01-22 20:12:07.496 [org.springframework.scheduling.quartz.SchedulerFactoryBean#0_Worker-6] INFO  y.master.quartz.WorkerRefreshTask -
                开始刷新已注册的worker……
2020-01-22 20:12:27.498 [org.springframework.scheduling.quartz.SchedulerFactoryBean#0_Worker-7] INFO  y.master.quartz.WorkerRefreshTask -
                开始刷新已注册的worker……
2020-01-22 20:12:47.497 [org.springframework.scheduling.quartz.SchedulerFactoryBean#0_Worker-8] INFO  y.master.quartz.WorkerRefreshTask -
                开始刷新已注册的worker……
2020-01-22 20:13:07.497 [org.springframework.scheduling.quartz.SchedulerFactoryBean#0_Worker-9] INFO  y.master.quartz.WorkerRefreshTask -
                开始刷新已注册的worker……
2020-01-22 20:13:27.497 [org.springframework.scheduling.quartz.SchedulerFactoryBean#0_Worker-10] INFO  y.master.quartz.WorkerRefreshTask -
                开始刷新已注册的worker……
2020-01-22 20:13:47.496 [org.springframework.scheduling.quartz.SchedulerFactoryBean#0_Worker-1] INFO  y.master.quartz.WorkerRefreshTask -
                开始刷新已注册的worker……
2020-01-22 20:14:07.497 [org.springframework.scheduling.quartz.SchedulerFactoryBean#0_Worker-2] INFO  y.master.quartz.WorkerRefreshTask -
                开始刷新已注册的worker……
2020-01-22 20:14:27.496 [org.springframework.scheduling.quartz.SchedulerFactoryBean#0_Worker-3] INFO  y.master.quartz.WorkerRefreshTask -
                开始刷新已注册的worker……
2020-01-22 20:14:47.496 [org.springframework.scheduling.quartz.SchedulerFactoryBean#0_Worker-4] INFO  y.master.quartz.WorkerRefreshTask -
                开始刷新已注册的worker……
2020-01-22 20:15:07.496 [org.springframework.scheduling.quartz.SchedulerFactoryBean#0_Worker-5] INFO  y.master.quartz.WorkerRefreshTask -
                开始刷新已注册的worker……
2020-01-22 20:15:27.498 [org.springframework.scheduling.quartz.SchedulerFactoryBean#0_Worker-6] INFO  y.master.quartz.WorkerRefreshTask -
                开始刷新已注册的worker……
2020-01-22 20:15:47.496 [org.springframework.scheduling.quartz.SchedulerFactoryBean#0_Worker-7] INFO  y.master.quartz.WorkerRefreshTask -
                开始刷新已注册的worker……
2020-01-22 20:16:07.496 [org.springframework.scheduling.quartz.SchedulerFactoryBean#0_Worker-8] INFO  y.master.quartz.WorkerRefreshTask -
                开始刷新已注册的worker……
2020-01-22 20:16:27.496 [org.springframework.scheduling.quartz.SchedulerFactoryBean#0_Worker-9] INFO  y.master.quartz.WorkerRefreshTask -
                开始刷新已注册的worker……
2020-01-22 20:16:47.496 [org.springframework.scheduling.quartz.SchedulerFactoryBean#0_Worker-10] INFO  y.master.quartz.WorkerRefreshTask -
                开始刷新已注册的worker……
2020-01-22 20:17:07.497 [org.springframework.scheduling.quartz.SchedulerFactoryBean#0_Worker-1] INFO  y.master.quartz.WorkerRefreshTask -
                开始刷新已注册的worker……
2020-01-22 20:17:27.496 [org.springframework.scheduling.quartz.SchedulerFactoryBean#0_Worker-2] INFO  y.master.quartz.WorkerRefreshTask -
                开始刷新已注册的worker……
2020-01-22 20:17:47.496 [org.springframework.scheduling.quartz.SchedulerFactoryBean#0_Worker-3] INFO  y.master.quartz.WorkerRefreshTask -
                开始刷新已注册的worker……
2020-01-22 20:18:07.496 [org.springframework.scheduling.quartz.SchedulerFactoryBean#0_Worker-4] INFO  y.master.quartz.WorkerRefreshTask -
                开始刷新已注册的worker……
2020-01-22 20:18:27.496 [org.springframework.scheduling.quartz.SchedulerFactoryBean#0_Worker-5] INFO  y.master.quartz.WorkerRefreshTask -
                开始刷新已注册的worker……
2020-01-22 20:18:47.496 [org.springframework.scheduling.quartz.SchedulerFactoryBean#0_Worker-6] INFO  y.master.quartz.WorkerRefreshTask -
                开始刷新已注册的worker……
2020-01-22 20:19:07.496 [org.springframework.scheduling.quartz.SchedulerFactoryBean#0_Worker-7] INFO  y.master.quartz.WorkerRefreshTask -
                开始刷新已注册的worker……
2020-01-22 20:19:27.497 [org.springframework.scheduling.quartz.SchedulerFactoryBean#0_Worker-8] INFO  y.master.quartz.WorkerRefreshTask -
                开始刷新已注册的worker……
2020-01-22 20:19:47.496 [org.springframework.scheduling.quartz.SchedulerFactoryBean#0_Worker-9] INFO  y.master.quartz.WorkerRefreshTask -
                开始刷新已注册的worker……
2020-01-22 20:20:07.496 [org.springframework.scheduling.quartz.SchedulerFactoryBean#0_Worker-10] INFO  y.master.quartz.WorkerRefreshTask -
                开始刷新已注册的worker……
2020-01-22 20:20:27.497 [org.springframework.scheduling.quartz.SchedulerFactoryBean#0_Worker-1] INFO  y.master.quartz.WorkerRefreshTask -
                开始刷新已注册的worker……
2020-01-22 20:20:47.496 [org.springframework.scheduling.quartz.SchedulerFactoryBean#0_Worker-2] INFO  y.master.quartz.WorkerRefreshTask -
                开始刷新已注册的worker……
2020-01-22 20:21:07.497 [org.springframework.scheduling.quartz.SchedulerFactoryBean#0_Worker-3] INFO  y.master.quartz.WorkerRefreshTask -
                开始刷新已注册的worker……
2020-01-22 20:21:27.496 [org.springframework.scheduling.quartz.SchedulerFactoryBean#0_Worker-4] INFO  y.master.quartz.WorkerRefreshTask -
                开始刷新已注册的worker……
2020-01-22 20:21:47.496 [org.springframework.scheduling.quartz.SchedulerFactoryBean#0_Worker-5] INFO  y.master.quartz.WorkerRefreshTask -
                开始刷新已注册的worker……
2020-01-22 20:22:07.496 [org.springframework.scheduling.quartz.SchedulerFactoryBean#0_Worker-6] INFO  y.master.quartz.WorkerRefreshTask -
                开始刷新已注册的worker……
2020-01-22 20:22:27.497 [org.springframework.scheduling.quartz.SchedulerFactoryBean#0_Worker-7] INFO  y.master.quartz.WorkerRefreshTask -
                开始刷新已注册的worker……
2020-01-22 20:22:47.496 [org.springframework.scheduling.quartz.SchedulerFactoryBean#0_Worker-8] INFO  y.master.quartz.WorkerRefreshTask -
                开始刷新已注册的worker……
2020-01-22 20:23:07.497 [org.springframework.scheduling.quartz.SchedulerFactoryBean#0_Worker-9] INFO  y.master.quartz.WorkerRefreshTask -
                开始刷新已注册的worker……
2020-01-22 20:23:27.497 [org.springframework.scheduling.quartz.SchedulerFactoryBean#0_Worker-10] INFO  y.master.quartz.WorkerRefreshTask -
                开始刷新已注册的worker……
2020-01-22 20:23:47.496 [org.springframework.scheduling.quartz.SchedulerFactoryBean#0_Worker-1] INFO  y.master.quartz.WorkerRefreshTask -
                开始刷新已注册的worker……
2020-01-22 20:24:07.496 [org.springframework.scheduling.quartz.SchedulerFactoryBean#0_Worker-2] INFO  y.master.quartz.WorkerRefreshTask -
                开始刷新已注册的worker……
2020-01-22 20:24:27.496 [org.springframework.scheduling.quartz.SchedulerFactoryBean#0_Worker-3] INFO  y.master.quartz.WorkerRefreshTask -
                开始刷新已注册的worker……
2020-01-22 20:24:47.496 [org.springframework.scheduling.quartz.SchedulerFactoryBean#0_Worker-4] INFO  y.master.quartz.WorkerRefreshTask -
                开始刷新已注册的worker……
2020-01-22 20:25:07.497 [org.springframework.scheduling.quartz.SchedulerFactoryBean#0_Worker-5] INFO  y.master.quartz.WorkerRefreshTask -
                开始刷新已注册的worker……
2020-01-22 20:25:27.496 [org.springframework.scheduling.quartz.SchedulerFactoryBean#0_Worker-6] INFO  y.master.quartz.WorkerRefreshTask -
                开始刷新已注册的worker……
2020-01-22 20:25:47.497 [org.springframework.scheduling.quartz.SchedulerFactoryBean#0_Worker-7] INFO  y.master.quartz.WorkerRefreshTask -
                开始刷新已注册的worker……
2020-01-22 20:26:07.496 [org.springframework.scheduling.quartz.SchedulerFactoryBean#0_Worker-8] INFO  y.master.quartz.WorkerRefreshTask -
                开始刷新已注册的worker……
2020-01-22 20:26:27.498 [org.springframework.scheduling.quartz.SchedulerFactoryBean#0_Worker-9] INFO  y.master.quartz.WorkerRefreshTask -
                开始刷新已注册的worker……
2020-01-22 20:26:47.496 [org.springframework.scheduling.quartz.SchedulerFactoryBean#0_Worker-10] INFO  y.master.quartz.WorkerRefreshTask -
                开始刷新已注册的worker……
2020-01-22 20:27:07.497 [org.springframework.scheduling.quartz.SchedulerFactoryBean#0_Worker-1] INFO  y.master.quartz.WorkerRefreshTask -
                开始刷新已注册的worker……
2020-01-22 20:27:27.496 [org.springframework.scheduling.quartz.SchedulerFactoryBean#0_Worker-2] INFO  y.master.quartz.WorkerRefreshTask -
                开始刷新已注册的worker……
2020-01-22 20:27:47.496 [org.springframework.scheduling.quartz.SchedulerFactoryBean#0_Worker-3] INFO  y.master.quartz.WorkerRefreshTask -
                开始刷新已注册的worker……
2020-01-22 20:28:07.497 [org.springframework.scheduling.quartz.SchedulerFactoryBean#0_Worker-4] INFO  y.master.quartz.WorkerRefreshTask -
                开始刷新已注册的worker……
2020-01-22 20:28:27.496 [org.springframework.scheduling.quartz.SchedulerFactoryBean#0_Worker-5] INFO  y.master.quartz.WorkerRefreshTask -
                开始刷新已注册的worker……
2020-01-22 20:28:47.497 [org.springframework.scheduling.quartz.SchedulerFactoryBean#0_Worker-6] INFO  y.master.quartz.WorkerRefreshTask -
                开始刷新已注册的worker……
2020-01-22 20:29:07.496 [org.springframework.scheduling.quartz.SchedulerFactoryBean#0_Worker-7] INFO  y.master.quartz.WorkerRefreshTask -
                开始刷新已注册的worker……
2020-01-22 20:29:27.496 [org.springframework.scheduling.quartz.SchedulerFactoryBean#0_Worker-8] INFO  y.master.quartz.WorkerRefreshTask -
                开始刷新已注册的worker……
2020-01-22 20:29:47.496 [org.springframework.scheduling.quartz.SchedulerFactoryBean#0_Worker-9] INFO  y.master.quartz.WorkerRefreshTask -
                开始刷新已注册的worker……
2020-01-22 20:30:07.496 [org.springframework.scheduling.quartz.SchedulerFactoryBean#0_Worker-10] INFO  y.master.quartz.WorkerRefreshTask -
                开始刷新已注册的worker……
2020-01-22 20:30:27.496 [org.springframework.scheduling.quartz.SchedulerFactoryBean#0_Worker-1] INFO  y.master.quartz.WorkerRefreshTask -
                开始刷新已注册的worker……
2020-01-22 20:30:47.497 [org.springframework.scheduling.quartz.SchedulerFactoryBean#0_Worker-2] INFO  y.master.quartz.WorkerRefreshTask -
                开始刷新已注册的worker……
2020-01-22 20:31:07.496 [org.springframework.scheduling.quartz.SchedulerFactoryBean#0_Worker-3] INFO  y.master.quartz.WorkerRefreshTask -
                开始刷新已注册的worker……
2020-01-22 20:31:27.496 [org.springframework.scheduling.quartz.SchedulerFactoryBean#0_Worker-4] INFO  y.master.quartz.WorkerRefreshTask -
                开始刷新已注册的worker……
2020-01-22 20:31:47.497 [org.springframework.scheduling.quartz.SchedulerFactoryBean#0_Worker-5] INFO  y.master.quartz.WorkerRefreshTask -
                开始刷新已注册的worker……
2020-01-22 20:32:07.496 [org.springframework.scheduling.quartz.SchedulerFactoryBean#0_Worker-6] INFO  y.master.quartz.WorkerRefreshTask -
                开始刷新已注册的worker……
2020-01-22 20:32:27.496 [org.springframework.scheduling.quartz.SchedulerFactoryBean#0_Worker-7] INFO  y.master.quartz.WorkerRefreshTask -
                开始刷新已注册的worker……
2020-01-22 20:32:47.497 [org.springframework.scheduling.quartz.SchedulerFactoryBean#0_Worker-8] INFO  y.master.quartz.WorkerRefreshTask -
                开始刷新已注册的worker……
2020-01-22 20:33:07.496 [org.springframework.scheduling.quartz.SchedulerFactoryBean#0_Worker-9] INFO  y.master.quartz.WorkerRefreshTask -
                开始刷新已注册的worker……
2020-01-22 20:33:27.496 [org.springframework.scheduling.quartz.SchedulerFactoryBean#0_Worker-10] INFO  y.master.quartz.WorkerRefreshTask -
                开始刷新已注册的worker……
2020-01-22 20:33:47.497 [org.springframework.scheduling.quartz.SchedulerFactoryBean#0_Worker-1] INFO  y.master.quartz.WorkerRefreshTask -
                开始刷新已注册的worker……
2020-01-22 20:34:07.496 [org.springframework.scheduling.quartz.SchedulerFactoryBean#0_Worker-2] INFO  y.master.quartz.WorkerRefreshTask -
                开始刷新已注册的worker……
2020-01-22 20:34:27.496 [org.springframework.scheduling.quartz.SchedulerFactoryBean#0_Worker-3] INFO  y.master.quartz.WorkerRefreshTask -
                开始刷新已注册的worker……
2020-01-22 20:34:47.496 [org.springframework.scheduling.quartz.SchedulerFactoryBean#0_Worker-4] INFO  y.master.quartz.WorkerRefreshTask -
                开始刷新已注册的worker……
2020-01-22 20:35:07.496 [org.springframework.scheduling.quartz.SchedulerFactoryBean#0_Worker-5] INFO  y.master.quartz.WorkerRefreshTask -
                开始刷新已注册的worker……
2020-01-22 20:35:27.498 [org.springframework.scheduling.quartz.SchedulerFactoryBean#0_Worker-6] INFO  y.master.quartz.WorkerRefreshTask -
                开始刷新已注册的worker……
2020-01-22 20:35:47.496 [org.springframework.scheduling.quartz.SchedulerFactoryBean#0_Worker-7] INFO  y.master.quartz.WorkerRefreshTask -
                开始刷新已注册的worker……
2020-01-22 20:36:07.497 [org.springframework.scheduling.quartz.SchedulerFactoryBean#0_Worker-8] INFO  y.master.quartz.WorkerRefreshTask -
                开始刷新已注册的worker……
2020-01-22 20:36:27.496 [org.springframework.scheduling.quartz.SchedulerFactoryBean#0_Worker-9] INFO  y.master.quartz.WorkerRefreshTask -
                开始刷新已注册的worker……
2020-01-22 20:36:47.496 [org.springframework.scheduling.quartz.SchedulerFactoryBean#0_Worker-10] INFO  y.master.quartz.WorkerRefreshTask -
                开始刷新已注册的worker……
2020-01-22 20:37:07.496 [org.springframework.scheduling.quartz.SchedulerFactoryBean#0_Worker-1] INFO  y.master.quartz.WorkerRefreshTask -
                开始刷新已注册的worker……
2020-01-22 20:37:27.496 [org.springframework.scheduling.quartz.SchedulerFactoryBean#0_Worker-2] INFO  y.master.quartz.WorkerRefreshTask -
                开始刷新已注册的worker……
2020-01-22 20:37:27.497 [org.springframework.scheduling.quartz.SchedulerFactoryBean#0_Worker-3] INFO  y.m.quartz.BreakedQueueRefreshTask -
                开始刷新中断任务队列……
2020-01-22 20:37:47.496 [org.springframework.scheduling.quartz.SchedulerFactoryBean#0_Worker-4] INFO  y.master.quartz.WorkerRefreshTask -
                开始刷新已注册的worker……
2020-01-22 20:38:07.496 [org.springframework.scheduling.quartz.SchedulerFactoryBean#0_Worker-5] INFO  y.master.quartz.WorkerRefreshTask -
                开始刷新已注册的worker……
2020-01-22 20:38:27.496 [org.springframework.scheduling.quartz.SchedulerFactoryBean#0_Worker-6] INFO  y.master.quartz.WorkerRefreshTask -
                开始刷新已注册的worker……
2020-01-22 20:38:47.497 [org.springframework.scheduling.quartz.SchedulerFactoryBean#0_Worker-7] INFO  y.master.quartz.WorkerRefreshTask -
                开始刷新已注册的worker……
2020-01-22 20:39:07.496 [org.springframework.scheduling.quartz.SchedulerFactoryBean#0_Worker-8] INFO  y.master.quartz.WorkerRefreshTask -
                开始刷新已注册的worker……
2020-01-22 20:39:27.496 [org.springframework.scheduling.quartz.SchedulerFactoryBean#0_Worker-9] INFO  y.master.quartz.WorkerRefreshTask -
                开始刷新已注册的worker……
2020-01-22 20:39:47.496 [org.springframework.scheduling.quartz.SchedulerFactoryBean#0_Worker-10] INFO  y.master.quartz.WorkerRefreshTask -
                开始刷新已注册的worker……
2020-01-22 20:40:07.497 [org.springframework.scheduling.quartz.SchedulerFactoryBean#0_Worker-1] INFO  y.master.quartz.WorkerRefreshTask -
                开始刷新已注册的worker……
2020-01-22 20:40:27.496 [org.springframework.scheduling.quartz.SchedulerFactoryBean#0_Worker-2] INFO  y.master.quartz.WorkerRefreshTask -
                开始刷新已注册的worker……
2020-01-22 20:40:47.496 [org.springframework.scheduling.quartz.SchedulerFactoryBean#0_Worker-3] INFO  y.master.quartz.WorkerRefreshTask -
                开始刷新已注册的worker……
2020-01-22 20:41:07.496 [org.springframework.scheduling.quartz.SchedulerFactoryBean#0_Worker-4] INFO  y.master.quartz.WorkerRefreshTask -
                开始刷新已注册的worker……
2020-01-22 20:41:27.496 [org.springframework.scheduling.quartz.SchedulerFactoryBean#0_Worker-5] INFO  y.master.quartz.WorkerRefreshTask -
                开始刷新已注册的worker……
2020-01-22 20:41:47.496 [org.springframework.scheduling.quartz.SchedulerFactoryBean#0_Worker-6] INFO  y.master.quartz.WorkerRefreshTask -
                开始刷新已注册的worker……
2020-01-22 20:42:07.496 [org.springframework.scheduling.quartz.SchedulerFactoryBean#0_Worker-7] INFO  y.master.quartz.WorkerRefreshTask -
                开始刷新已注册的worker……
2020-01-22 20:42:27.496 [org.springframework.scheduling.quartz.SchedulerFactoryBean#0_Worker-8] INFO  y.master.quartz.WorkerRefreshTask -
                开始刷新已注册的worker……
2020-01-22 20:42:47.497 [org.springframework.scheduling.quartz.SchedulerFactoryBean#0_Worker-9] INFO  y.master.quartz.WorkerRefreshTask -
                开始刷新已注册的worker……
2020-01-22 20:43:07.496 [org.springframework.scheduling.quartz.SchedulerFactoryBean#0_Worker-10] INFO  y.master.quartz.WorkerRefreshTask -
                开始刷新已注册的worker……
2020-01-22 20:43:27.497 [org.springframework.scheduling.quartz.SchedulerFactoryBean#0_Worker-1] INFO  y.master.quartz.WorkerRefreshTask -
                开始刷新已注册的worker……
2020-01-22 20:43:47.497 [org.springframework.scheduling.quartz.SchedulerFactoryBean#0_Worker-2] INFO  y.master.quartz.WorkerRefreshTask -
                开始刷新已注册的worker……
2020-01-22 20:44:07.496 [org.springframework.scheduling.quartz.SchedulerFactoryBean#0_Worker-3] INFO  y.master.quartz.WorkerRefreshTask -
                开始刷新已注册的worker……
2020-01-22 20:44:27.496 [org.springframework.scheduling.quartz.SchedulerFactoryBean#0_Worker-4] INFO  y.master.quartz.WorkerRefreshTask -
                开始刷新已注册的worker……
2020-01-22 20:44:47.496 [org.springframework.scheduling.quartz.SchedulerFactoryBean#0_Worker-5] INFO  y.master.quartz.WorkerRefreshTask -
                开始刷新已注册的worker……
2020-01-22 20:45:07.497 [org.springframework.scheduling.quartz.SchedulerFactoryBean#0_Worker-6] INFO  y.master.quartz.WorkerRefreshTask -
                开始刷新已注册的worker……
2020-01-22 20:45:27.496 [org.springframework.scheduling.quartz.SchedulerFactoryBean#0_Worker-7] INFO  y.master.quartz.WorkerRefreshTask -
                开始刷新已注册的worker……
2020-01-22 20:45:47.496 [org.springframework.scheduling.quartz.SchedulerFactoryBean#0_Worker-8] INFO  y.master.quartz.WorkerRefreshTask -
                开始刷新已注册的worker……
2020-01-22 20:46:07.496 [org.springframework.scheduling.quartz.SchedulerFactoryBean#0_Worker-9] INFO  y.master.quartz.WorkerRefreshTask -
                开始刷新已注册的worker……
2020-01-22 20:46:27.496 [org.springframework.scheduling.quartz.SchedulerFactoryBean#0_Worker-10] INFO  y.master.quartz.WorkerRefreshTask -
                开始刷新已注册的worker……
2020-01-22 20:46:47.497 [org.springframework.scheduling.quartz.SchedulerFactoryBean#0_Worker-1] INFO  y.master.quartz.WorkerRefreshTask -
                开始刷新已注册的worker……
2020-01-22 20:47:07.496 [org.springframework.scheduling.quartz.SchedulerFactoryBean#0_Worker-2] INFO  y.master.quartz.WorkerRefreshTask -
                开始刷新已注册的worker……
2020-01-22 20:47:27.496 [org.springframework.scheduling.quartz.SchedulerFactoryBean#0_Worker-3] INFO  y.master.quartz.WorkerRefreshTask -
                开始刷新已注册的worker……
2020-01-22 20:47:47.497 [org.springframework.scheduling.quartz.SchedulerFactoryBean#0_Worker-4] INFO  y.master.quartz.WorkerRefreshTask -
                开始刷新已注册的worker……
2020-01-22 20:48:07.496 [org.springframework.scheduling.quartz.SchedulerFactoryBean#0_Worker-5] INFO  y.master.quartz.WorkerRefreshTask -
                开始刷新已注册的worker……
2020-01-22 20:48:27.497 [org.springframework.scheduling.quartz.SchedulerFactoryBean#0_Worker-6] INFO  y.master.quartz.WorkerRefreshTask -
                开始刷新已注册的worker……
2020-01-22 20:48:47.498 [org.springframework.scheduling.quartz.SchedulerFactoryBean#0_Worker-7] INFO  y.master.quartz.WorkerRefreshTask -
                开始刷新已注册的worker……
2020-01-22 20:49:07.497 [org.springframework.scheduling.quartz.SchedulerFactoryBean#0_Worker-8] INFO  y.master.quartz.WorkerRefreshTask -
                开始刷新已注册的worker……
2020-01-22 20:49:27.497 [org.springframework.scheduling.quartz.SchedulerFactoryBean#0_Worker-9] INFO  y.master.quartz.WorkerRefreshTask -
                开始刷新已注册的worker……
2020-01-22 20:49:47.496 [org.springframework.scheduling.quartz.SchedulerFactoryBean#0_Worker-10] INFO  y.master.quartz.WorkerRefreshTask -
                开始刷新已注册的worker……
2020-01-22 20:50:07.496 [org.springframework.scheduling.quartz.SchedulerFactoryBean#0_Worker-1] INFO  y.master.quartz.WorkerRefreshTask -
                开始刷新已注册的worker……
2020-01-22 20:50:27.496 [org.springframework.scheduling.quartz.SchedulerFactoryBean#0_Worker-2] INFO  y.master.quartz.WorkerRefreshTask -
                开始刷新已注册的worker……
2020-01-22 20:50:47.496 [org.springframework.scheduling.quartz.SchedulerFactoryBean#0_Worker-3] INFO  y.master.quartz.WorkerRefreshTask -
                开始刷新已注册的worker……
2020-01-22 20:51:07.496 [org.springframework.scheduling.quartz.SchedulerFactoryBean#0_Worker-4] INFO  y.master.quartz.WorkerRefreshTask -
                开始刷新已注册的worker……
2020-01-22 20:51:27.498 [org.springframework.scheduling.quartz.SchedulerFactoryBean#0_Worker-5] INFO  y.master.quartz.WorkerRefreshTask -
                开始刷新已注册的worker……
2020-01-22 20:51:47.497 [org.springframework.scheduling.quartz.SchedulerFactoryBean#0_Worker-6] INFO  y.master.quartz.WorkerRefreshTask -
                开始刷新已注册的worker……
2020-01-22 20:52:07.496 [org.springframework.scheduling.quartz.SchedulerFactoryBean#0_Worker-7] INFO  y.master.quartz.WorkerRefreshTask -
                开始刷新已注册的worker……
2020-01-22 20:52:27.496 [org.springframework.scheduling.quartz.SchedulerFactoryBean#0_Worker-8] INFO  y.master.quartz.WorkerRefreshTask -
                开始刷新已注册的worker……
2020-01-22 20:52:47.496 [org.springframework.scheduling.quartz.SchedulerFactoryBean#0_Worker-9] INFO  y.master.quartz.WorkerRefreshTask -
                开始刷新已注册的worker……
2020-01-22 20:53:07.496 [org.springframework.scheduling.quartz.SchedulerFactoryBean#0_Worker-10] INFO  y.master.quartz.WorkerRefreshTask -
                开始刷新已注册的worker……
2020-01-22 20:53:27.497 [org.springframework.scheduling.quartz.SchedulerFactoryBean#0_Worker-1] INFO  y.master.quartz.WorkerRefreshTask -
                开始刷新已注册的worker……
2020-01-22 20:53:47.497 [org.springframework.scheduling.quartz.SchedulerFactoryBean#0_Worker-2] INFO  y.master.quartz.WorkerRefreshTask -
                开始刷新已注册的worker……
2020-01-22 20:54:07.497 [org.springframework.scheduling.quartz.SchedulerFactoryBean#0_Worker-3] INFO  y.master.quartz.WorkerRefreshTask -
                开始刷新已注册的worker……
2020-01-22 20:54:27.496 [org.springframework.scheduling.quartz.SchedulerFactoryBean#0_Worker-4] INFO  y.master.quartz.WorkerRefreshTask -
                开始刷新已注册的worker……
2020-01-22 20:54:47.496 [org.springframework.scheduling.quartz.SchedulerFactoryBean#0_Worker-5] INFO  y.master.quartz.WorkerRefreshTask -
                开始刷新已注册的worker……
2020-01-22 20:55:07.497 [org.springframework.scheduling.quartz.SchedulerFactoryBean#0_Worker-6] INFO  y.master.quartz.WorkerRefreshTask -
                开始刷新已注册的worker……
2020-01-22 20:55:27.496 [org.springframework.scheduling.quartz.SchedulerFactoryBean#0_Worker-7] INFO  y.master.quartz.WorkerRefreshTask -
                开始刷新已注册的worker……
2020-01-22 20:55:47.497 [org.springframework.scheduling.quartz.SchedulerFactoryBean#0_Worker-8] INFO  y.master.quartz.WorkerRefreshTask -
                开始刷新已注册的worker……
2020-01-22 20:56:07.496 [org.springframework.scheduling.quartz.SchedulerFactoryBean#0_Worker-9] INFO  y.master.quartz.WorkerRefreshTask -
                开始刷新已注册的worker……
2020-01-22 20:56:27.496 [org.springframework.scheduling.quartz.SchedulerFactoryBean#0_Worker-10] INFO  y.master.quartz.WorkerRefreshTask -
                开始刷新已注册的worker……
2020-01-22 20:56:47.497 [org.springframework.scheduling.quartz.SchedulerFactoryBean#0_Worker-1] INFO  y.master.quartz.WorkerRefreshTask -
                开始刷新已注册的worker……
2020-01-22 20:57:07.496 [org.springframework.scheduling.quartz.SchedulerFactoryBean#0_Worker-2] INFO  y.master.quartz.WorkerRefreshTask -
                开始刷新已注册的worker……
2020-01-22 20:57:27.496 [org.springframework.scheduling.quartz.SchedulerFactoryBean#0_Worker-3] INFO  y.master.quartz.WorkerRefreshTask -
                开始刷新已注册的worker……
2020-01-22 20:57:47.496 [org.springframework.scheduling.quartz.SchedulerFactoryBean#0_Worker-4] INFO  y.master.quartz.WorkerRefreshTask -
                开始刷新已注册的worker……
2020-01-22 20:58:07.496 [org.springframework.scheduling.quartz.SchedulerFactoryBean#0_Worker-5] INFO  y.master.quartz.WorkerRefreshTask -
                开始刷新已注册的worker……
2020-01-22 20:58:27.497 [org.springframework.scheduling.quartz.SchedulerFactoryBean#0_Worker-6] INFO  y.master.quartz.WorkerRefreshTask -
                开始刷新已注册的worker……
2020-01-22 20:58:47.496 [org.springframework.scheduling.quartz.SchedulerFactoryBean#0_Worker-7] INFO  y.master.quartz.WorkerRefreshTask -
                开始刷新已注册的worker……
2020-01-22 20:59:07.496 [org.springframework.scheduling.quartz.SchedulerFactoryBean#0_Worker-8] INFO  y.master.quartz.WorkerRefreshTask -
                开始刷新已注册的worker……
2020-01-22 20:59:27.496 [org.springframework.scheduling.quartz.SchedulerFactoryBean#0_Worker-9] INFO  y.master.quartz.WorkerRefreshTask -
                开始刷新已注册的worker……
2020-01-22 20:59:47.496 [org.springframework.scheduling.quartz.SchedulerFactoryBean#0_Worker-10] INFO  y.master.quartz.WorkerRefreshTask -
                开始刷新已注册的worker……
2020-01-22 21:00:07.497 [org.springframework.scheduling.quartz.SchedulerFactoryBean#0_Worker-1] INFO  y.master.quartz.WorkerRefreshTask -
                开始刷新已注册的worker……
2020-01-22 21:00:27.496 [org.springframework.scheduling.quartz.SchedulerFactoryBean#0_Worker-2] INFO  y.master.quartz.WorkerRefreshTask -
                开始刷新已注册的worker……
2020-01-22 21:00:47.496 [org.springframework.scheduling.quartz.SchedulerFactoryBean#0_Worker-3] INFO  y.master.quartz.WorkerRefreshTask -
                开始刷新已注册的worker……
2020-01-22 21:01:07.496 [org.springframework.scheduling.quartz.SchedulerFactoryBean#0_Worker-4] INFO  y.master.quartz.WorkerRefreshTask -
                开始刷新已注册的worker……
2020-01-22 21:01:27.497 [org.springframework.scheduling.quartz.SchedulerFactoryBean#0_Worker-5] INFO  y.master.quartz.WorkerRefreshTask -
                开始刷新已注册的worker……
2020-01-22 21:01:47.496 [org.springframework.scheduling.quartz.SchedulerFactoryBean#0_Worker-6] INFO  y.master.quartz.WorkerRefreshTask -
                开始刷新已注册的worker……
2020-01-22 21:02:07.496 [org.springframework.scheduling.quartz.SchedulerFactoryBean#0_Worker-7] INFO  y.master.quartz.WorkerRefreshTask -
                开始刷新已注册的worker……
2020-01-22 21:02:27.496 [org.springframework.scheduling.quartz.SchedulerFactoryBean#0_Worker-8] INFO  y.master.quartz.WorkerRefreshTask -
                开始刷新已注册的worker……
2020-01-22 21:02:47.496 [org.springframework.scheduling.quartz.SchedulerFactoryBean#0_Worker-9] INFO  y.master.quartz.WorkerRefreshTask -
                开始刷新已注册的worker……
2020-01-22 21:03:07.497 [org.springframework.scheduling.quartz.SchedulerFactoryBean#0_Worker-10] INFO  y.master.quartz.WorkerRefreshTask -
                开始刷新已注册的worker……
2020-01-22 21:03:27.496 [org.springframework.scheduling.quartz.SchedulerFactoryBean#0_Worker-1] INFO  y.master.quartz.WorkerRefreshTask -
                开始刷新已注册的worker……
2020-01-22 21:03:47.496 [org.springframework.scheduling.quartz.SchedulerFactoryBean#0_Worker-2] INFO  y.master.quartz.WorkerRefreshTask -
                开始刷新已注册的worker……
2020-01-22 21:04:07.497 [org.springframework.scheduling.quartz.SchedulerFactoryBean#0_Worker-3] INFO  y.master.quartz.WorkerRefreshTask -
                开始刷新已注册的worker……
2020-01-22 21:04:27.496 [org.springframework.scheduling.quartz.SchedulerFactoryBean#0_Worker-4] INFO  y.master.quartz.WorkerRefreshTask -
                开始刷新已注册的worker……
2020-01-22 21:04:47.496 [org.springframework.scheduling.quartz.SchedulerFactoryBean#0_Worker-5] INFO  y.master.quartz.WorkerRefreshTask -
                开始刷新已注册的worker……
2020-01-22 21:05:07.496 [org.springframework.scheduling.quartz.SchedulerFactoryBean#0_Worker-6] INFO  y.master.quartz.WorkerRefreshTask -
                开始刷新已注册的worker……
2020-01-22 21:05:27.497 [org.springframework.scheduling.quartz.SchedulerFactoryBean#0_Worker-7] INFO  y.master.quartz.WorkerRefreshTask -
                开始刷新已注册的worker……
2020-01-22 21:05:47.496 [org.springframework.scheduling.quartz.SchedulerFactoryBean#0_Worker-8] INFO  y.master.quartz.WorkerRefreshTask -
                开始刷新已注册的worker……
2020-01-22 21:06:07.496 [org.springframework.scheduling.quartz.SchedulerFactoryBean#0_Worker-9] INFO  y.master.quartz.WorkerRefreshTask -
                开始刷新已注册的worker……
2020-01-22 21:06:27.497 [org.springframework.scheduling.quartz.SchedulerFactoryBean#0_Worker-10] INFO  y.master.quartz.WorkerRefreshTask -
                开始刷新已注册的worker……
2020-01-22 21:06:47.496 [org.springframework.scheduling.quartz.SchedulerFactoryBean#0_Worker-1] INFO  y.master.quartz.WorkerRefreshTask -
                开始刷新已注册的worker……
2020-01-22 21:07:07.497 [org.springframework.scheduling.quartz.SchedulerFactoryBean#0_Worker-2] INFO  y.master.quartz.WorkerRefreshTask -
                开始刷新已注册的worker……
2020-01-22 21:07:27.497 [org.springframework.scheduling.quartz.SchedulerFactoryBean#0_Worker-3] INFO  y.master.quartz.WorkerRefreshTask -
                开始刷新已注册的worker……
2020-01-22 21:07:27.499 [org.springframework.scheduling.quartz.SchedulerFactoryBean#0_Worker-4] INFO  y.m.quartz.BreakedQueueRefreshTask -
                开始刷新中断任务队列……
2020-01-22 21:07:47.496 [org.springframework.scheduling.quartz.SchedulerFactoryBean#0_Worker-5] INFO  y.master.quartz.WorkerRefreshTask -
                开始刷新已注册的worker……
2020-01-22 21:08:07.497 [org.springframework.scheduling.quartz.SchedulerFactoryBean#0_Worker-6] INFO  y.master.quartz.WorkerRefreshTask -
                开始刷新已注册的worker……
2020-01-22 21:08:27.496 [org.springframework.scheduling.quartz.SchedulerFactoryBean#0_Worker-7] INFO  y.master.quartz.WorkerRefreshTask -
                开始刷新已注册的worker……
2020-01-22 21:08:47.497 [org.springframework.scheduling.quartz.SchedulerFactoryBean#0_Worker-8] INFO  y.master.quartz.WorkerRefreshTask -
                开始刷新已注册的worker……
2020-01-22 21:09:07.496 [org.springframework.scheduling.quartz.SchedulerFactoryBean#0_Worker-9] INFO  y.master.quartz.WorkerRefreshTask -
                开始刷新已注册的worker……
2020-01-22 21:09:27.496 [org.springframework.scheduling.quartz.SchedulerFactoryBean#0_Worker-10] INFO  y.master.quartz.WorkerRefreshTask -
                开始刷新已注册的worker……
2020-01-22 21:09:47.497 [org.springframework.scheduling.quartz.SchedulerFactoryBean#0_Worker-1] INFO  y.master.quartz.WorkerRefreshTask -
                开始刷新已注册的worker……
2020-01-22 21:10:07.496 [org.springframework.scheduling.quartz.SchedulerFactoryBean#0_Worker-2] INFO  y.master.quartz.WorkerRefreshTask -
                开始刷新已注册的worker……
2020-01-22 21:10:27.497 [org.springframework.scheduling.quartz.SchedulerFactoryBean#0_Worker-3] INFO  y.master.quartz.WorkerRefreshTask -
                开始刷新已注册的worker……
2020-01-22 21:10:47.496 [org.springframework.scheduling.quartz.SchedulerFactoryBean#0_Worker-4] INFO  y.master.quartz.WorkerRefreshTask -
                开始刷新已注册的worker……
2020-01-22 21:11:07.497 [org.springframework.scheduling.quartz.SchedulerFactoryBean#0_Worker-5] INFO  y.master.quartz.WorkerRefreshTask -
                开始刷新已注册的worker……
2020-01-22 21:11:27.496 [org.springframework.scheduling.quartz.SchedulerFactoryBean#0_Worker-6] INFO  y.master.quartz.WorkerRefreshTask -
                开始刷新已注册的worker……
2020-01-22 21:11:47.496 [org.springframework.scheduling.quartz.SchedulerFactoryBean#0_Worker-7] INFO  y.master.quartz.WorkerRefreshTask -
                开始刷新已注册的worker……
2020-01-22 21:12:07.497 [org.springframework.scheduling.quartz.SchedulerFactoryBean#0_Worker-8] INFO  y.master.quartz.WorkerRefreshTask -
                开始刷新已注册的worker……
2020-01-22 21:12:27.496 [org.springframework.scheduling.quartz.SchedulerFactoryBean#0_Worker-9] INFO  y.master.quartz.WorkerRefreshTask -
                开始刷新已注册的worker……
2020-01-22 21:12:47.496 [org.springframework.scheduling.quartz.SchedulerFactoryBean#0_Worker-10] INFO  y.master.quartz.WorkerRefreshTask -
                开始刷新已注册的worker……
2020-01-22 21:13:07.496 [org.springframework.scheduling.quartz.SchedulerFactoryBean#0_Worker-1] INFO  y.master.quartz.WorkerRefreshTask -
                开始刷新已注册的worker……
2020-01-22 21:13:27.497 [org.springframework.scheduling.quartz.SchedulerFactoryBean#0_Worker-2] INFO  y.master.quartz.WorkerRefreshTask -
                开始刷新已注册的worker……
2020-01-22 21:13:47.496 [org.springframework.scheduling.quartz.SchedulerFactoryBean#0_Worker-3] INFO  y.master.quartz.WorkerRefreshTask -
                开始刷新已注册的worker……
2020-01-22 21:14:07.497 [org.springframework.scheduling.quartz.SchedulerFactoryBean#0_Worker-4] INFO  y.master.quartz.WorkerRefreshTask -
                开始刷新已注册的worker……
2020-01-22 21:14:27.496 [org.springframework.scheduling.quartz.SchedulerFactoryBean#0_Worker-5] INFO  y.master.quartz.WorkerRefreshTask -
                开始刷新已注册的worker……
2020-01-22 21:14:47.496 [org.springframework.scheduling.quartz.SchedulerFactoryBean#0_Worker-6] INFO  y.master.quartz.WorkerRefreshTask -
                开始刷新已注册的worker……
2020-01-22 21:15:07.496 [org.springframework.scheduling.quartz.SchedulerFactoryBean#0_Worker-7] INFO  y.master.quartz.WorkerRefreshTask -
                开始刷新已注册的worker……
2020-01-22 21:15:27.497 [org.springframework.scheduling.quartz.SchedulerFactoryBean#0_Worker-8] INFO  y.master.quartz.WorkerRefreshTask -
                开始刷新已注册的worker……
2020-01-22 21:15:47.496 [org.springframework.scheduling.quartz.SchedulerFactoryBean#0_Worker-9] INFO  y.master.quartz.WorkerRefreshTask -
                开始刷新已注册的worker……
2020-01-22 21:16:07.497 [org.springframework.scheduling.quartz.SchedulerFactoryBean#0_Worker-10] INFO  y.master.quartz.WorkerRefreshTask -
                开始刷新已注册的worker……
2020-01-22 21:16:27.496 [org.springframework.scheduling.quartz.SchedulerFactoryBean#0_Worker-1] INFO  y.master.quartz.WorkerRefreshTask -
                开始刷新已注册的worker……
2020-01-22 21:16:47.496 [org.springframework.scheduling.quartz.SchedulerFactoryBean#0_Worker-2] INFO  y.master.quartz.WorkerRefreshTask -
                开始刷新已注册的worker……
2020-01-22 21:17:07.496 [org.springframework.scheduling.quartz.SchedulerFactoryBean#0_Worker-3] INFO  y.master.quartz.WorkerRefreshTask -
                开始刷新已注册的worker……
2020-01-22 21:17:27.497 [org.springframework.scheduling.quartz.SchedulerFactoryBean#0_Worker-4] INFO  y.master.quartz.WorkerRefreshTask -
                开始刷新已注册的worker……
2020-01-22 21:17:47.496 [org.springframework.scheduling.quartz.SchedulerFactoryBean#0_Worker-5] INFO  y.master.quartz.WorkerRefreshTask -
                开始刷新已注册的worker……
2020-01-22 21:18:07.496 [org.springframework.scheduling.quartz.SchedulerFactoryBean#0_Worker-6] INFO  y.master.quartz.WorkerRefreshTask -
                开始刷新已注册的worker……
2020-01-22 21:18:27.496 [org.springframework.scheduling.quartz.SchedulerFactoryBean#0_Worker-7] INFO  y.master.quartz.WorkerRefreshTask -
                开始刷新已注册的worker……
2020-01-22 21:18:47.497 [org.springframework.scheduling.quartz.SchedulerFactoryBean#0_Worker-8] INFO  y.master.quartz.WorkerRefreshTask -
                开始刷新已注册的worker……
2020-01-22 21:19:07.496 [org.springframework.scheduling.quartz.SchedulerFactoryBean#0_Worker-9] INFO  y.master.quartz.WorkerRefreshTask -
                开始刷新已注册的worker……
2020-01-22 21:19:27.496 [org.springframework.scheduling.quartz.SchedulerFactoryBean#0_Worker-10] INFO  y.master.quartz.WorkerRefreshTask -
                开始刷新已注册的worker……
2020-01-22 21:19:47.496 [org.springframework.scheduling.quartz.SchedulerFactoryBean#0_Worker-1] INFO  y.master.quartz.WorkerRefreshTask -
                开始刷新已注册的worker……
2020-01-22 21:20:07.497 [org.springframework.scheduling.quartz.SchedulerFactoryBean#0_Worker-2] INFO  y.master.quartz.WorkerRefreshTask -
                开始刷新已注册的worker……
2020-01-22 21:20:27.496 [org.springframework.scheduling.quartz.SchedulerFactoryBean#0_Worker-3] INFO  y.master.quartz.WorkerRefreshTask -
                开始刷新已注册的worker……
2020-01-22 21:20:47.497 [org.springframework.scheduling.quartz.SchedulerFactoryBean#0_Worker-4] INFO  y.master.quartz.WorkerRefreshTask -
                开始刷新已注册的worker……
2020-01-22 21:21:07.496 [org.springframework.scheduling.quartz.SchedulerFactoryBean#0_Worker-5] INFO  y.master.quartz.WorkerRefreshTask -
                开始刷新已注册的worker……
2020-01-22 21:21:27.496 [org.springframework.scheduling.quartz.SchedulerFactoryBean#0_Worker-6] INFO  y.master.quartz.WorkerRefreshTask -
                开始刷新已注册的worker……
2020-01-22 21:21:47.496 [org.springframework.scheduling.quartz.SchedulerFactoryBean#0_Worker-7] INFO  y.master.quartz.WorkerRefreshTask -
                开始刷新已注册的worker……
2020-01-22 21:22:07.496 [org.springframework.scheduling.quartz.SchedulerFactoryBean#0_Worker-8] INFO  y.master.quartz.WorkerRefreshTask -
                开始刷新已注册的worker……
2020-01-22 21:22:27.497 [org.springframework.scheduling.quartz.SchedulerFactoryBean#0_Worker-9] INFO  y.master.quartz.WorkerRefreshTask -
                开始刷新已注册的worker……
2020-01-22 21:22:47.496 [org.springframework.scheduling.quartz.SchedulerFactoryBean#0_Worker-10] INFO  y.master.quartz.WorkerRefreshTask -
                开始刷新已注册的worker……
2020-01-22 21:23:07.497 [org.springframework.scheduling.quartz.SchedulerFactoryBean#0_Worker-1] INFO  y.master.quartz.WorkerRefreshTask -
                开始刷新已注册的worker……
2020-01-22 21:23:27.496 [org.springframework.scheduling.quartz.SchedulerFactoryBean#0_Worker-2] INFO  y.master.quartz.WorkerRefreshTask -
                开始刷新已注册的worker……
2020-01-22 21:23:47.497 [org.springframework.scheduling.quartz.SchedulerFactoryBean#0_Worker-3] INFO  y.master.quartz.WorkerRefreshTask -
                开始刷新已注册的worker……
2020-01-22 21:24:07.496 [org.springframework.scheduling.quartz.SchedulerFactoryBean#0_Worker-4] INFO  y.master.quartz.WorkerRefreshTask -
                开始刷新已注册的worker……
2020-01-22 21:24:27.496 [org.springframework.scheduling.quartz.SchedulerFactoryBean#0_Worker-5] INFO  y.master.quartz.WorkerRefreshTask -
                开始刷新已注册的worker……
2020-01-22 21:24:47.497 [org.springframework.scheduling.quartz.SchedulerFactoryBean#0_Worker-6] INFO  y.master.quartz.WorkerRefreshTask -
                开始刷新已注册的worker……
2020-01-22 21:25:07.497 [org.springframework.scheduling.quartz.SchedulerFactoryBean#0_Worker-7] INFO  y.master.quartz.WorkerRefreshTask -
                开始刷新已注册的worker……
2020-01-22 21:25:27.497 [org.springframework.scheduling.quartz.SchedulerFactoryBean#0_Worker-8] INFO  y.master.quartz.WorkerRefreshTask -
                开始刷新已注册的worker……
2020-01-22 21:25:47.496 [org.springframework.scheduling.quartz.SchedulerFactoryBean#0_Worker-9] INFO  y.master.quartz.WorkerRefreshTask -
                开始刷新已注册的worker……
2020-01-22 21:26:07.499 [org.springframework.scheduling.quartz.SchedulerFactoryBean#0_Worker-10] INFO  y.master.quartz.WorkerRefreshTask -
                开始刷新已注册的worker……
2020-01-22 21:26:27.497 [org.springframework.scheduling.quartz.SchedulerFactoryBean#0_Worker-1] INFO  y.master.quartz.WorkerRefreshTask -
                开始刷新已注册的worker……
2020-01-22 21:26:47.496 [org.springframework.scheduling.quartz.SchedulerFactoryBean#0_Worker-2] INFO  y.master.quartz.WorkerRefreshTask -
                开始刷新已注册的worker……
2020-01-22 21:27:07.497 [org.springframework.scheduling.quartz.SchedulerFactoryBean#0_Worker-3] INFO  y.master.quartz.WorkerRefreshTask -
                开始刷新已注册的worker……
2020-01-22 21:27:27.496 [org.springframework.scheduling.quartz.SchedulerFactoryBean#0_Worker-4] INFO  y.master.quartz.WorkerRefreshTask -
                开始刷新已注册的worker……
2020-01-22 21:27:47.496 [org.springframework.scheduling.quartz.SchedulerFactoryBean#0_Worker-5] INFO  y.master.quartz.WorkerRefreshTask -
                开始刷新已注册的worker……
2020-01-22 21:28:07.497 [org.springframework.scheduling.quartz.SchedulerFactoryBean#0_Worker-6] INFO  y.master.quartz.WorkerRefreshTask -
                开始刷新已注册的worker……
2020-01-22 21:28:27.496 [org.springframework.scheduling.quartz.SchedulerFactoryBean#0_Worker-7] INFO  y.master.quartz.WorkerRefreshTask -
                开始刷新已注册的worker……
2020-01-22 21:28:47.496 [org.springframework.scheduling.quartz.SchedulerFactoryBean#0_Worker-8] INFO  y.master.quartz.WorkerRefreshTask -
                开始刷新已注册的worker……
2020-01-22 21:29:07.496 [org.springframework.scheduling.quartz.SchedulerFactoryBean#0_Worker-9] INFO  y.master.quartz.WorkerRefreshTask -
                开始刷新已注册的worker……
2020-01-22 21:29:27.496 [org.springframework.scheduling.quartz.SchedulerFactoryBean#0_Worker-10] INFO  y.master.quartz.WorkerRefreshTask -
                开始刷新已注册的worker……
2020-01-22 21:29:47.497 [org.springframework.scheduling.quartz.SchedulerFactoryBean#0_Worker-1] INFO  y.master.quartz.WorkerRefreshTask -
                开始刷新已注册的worker……
2020-01-22 21:30:07.497 [org.springframework.scheduling.quartz.SchedulerFactoryBean#0_Worker-2] INFO  y.master.quartz.WorkerRefreshTask -
                开始刷新已注册的worker……
2020-01-22 21:30:27.496 [org.springframework.scheduling.quartz.SchedulerFactoryBean#0_Worker-3] INFO  y.master.quartz.WorkerRefreshTask -
                开始刷新已注册的worker……
2020-01-22 21:30:47.496 [org.springframework.scheduling.quartz.SchedulerFactoryBean#0_Worker-4] INFO  y.master.quartz.WorkerRefreshTask -
                开始刷新已注册的worker……
2020-01-22 21:31:07.497 [org.springframework.scheduling.quartz.SchedulerFactoryBean#0_Worker-5] INFO  y.master.quartz.WorkerRefreshTask -
                开始刷新已注册的worker……
2020-01-22 21:31:27.496 [org.springframework.scheduling.quartz.SchedulerFactoryBean#0_Worker-6] INFO  y.master.quartz.WorkerRefreshTask -
                开始刷新已注册的worker……
2020-01-22 21:31:47.497 [org.springframework.scheduling.quartz.SchedulerFactoryBean#0_Worker-7] INFO  y.master.quartz.WorkerRefreshTask -
                开始刷新已注册的worker……
2020-01-22 21:32:07.497 [org.springframework.scheduling.quartz.SchedulerFactoryBean#0_Worker-8] INFO  y.master.quartz.WorkerRefreshTask -
                开始刷新已注册的worker……
2020-01-22 21:32:27.497 [org.springframework.scheduling.quartz.SchedulerFactoryBean#0_Worker-9] INFO  y.master.quartz.WorkerRefreshTask -
                开始刷新已注册的worker……
2020-01-22 21:32:47.498 [org.springframework.scheduling.quartz.SchedulerFactoryBean#0_Worker-10] INFO  y.master.quartz.WorkerRefreshTask -
                开始刷新已注册的worker……
2020-01-22 21:33:07.496 [org.springframework.scheduling.quartz.SchedulerFactoryBean#0_Worker-1] INFO  y.master.quartz.WorkerRefreshTask -
                开始刷新已注册的worker……
2020-01-22 21:33:27.496 [org.springframework.scheduling.quartz.SchedulerFactoryBean#0_Worker-2] INFO  y.master.quartz.WorkerRefreshTask -
                开始刷新已注册的worker……
2020-01-22 21:33:47.496 [org.springframework.scheduling.quartz.SchedulerFactoryBean#0_Worker-3] INFO  y.master.quartz.WorkerRefreshTask -
                开始刷新已注册的worker……
2020-01-22 21:34:07.496 [org.springframework.scheduling.quartz.SchedulerFactoryBean#0_Worker-4] INFO  y.master.quartz.WorkerRefreshTask -
                开始刷新已注册的worker……
2020-01-22 21:34:27.496 [org.springframework.scheduling.quartz.SchedulerFactoryBean#0_Worker-5] INFO  y.master.quartz.WorkerRefreshTask -
                开始刷新已注册的worker……
2020-01-22 21:34:47.497 [org.springframework.scheduling.quartz.SchedulerFactoryBean#0_Worker-6] INFO  y.master.quartz.WorkerRefreshTask -
                开始刷新已注册的worker……
2020-01-22 21:35:07.497 [org.springframework.scheduling.quartz.SchedulerFactoryBean#0_Worker-7] INFO  y.master.quartz.WorkerRefreshTask -
                开始刷新已注册的worker……
2020-01-22 21:35:27.496 [org.springframework.scheduling.quartz.SchedulerFactoryBean#0_Worker-8] INFO  y.master.quartz.WorkerRefreshTask -
                开始刷新已注册的worker……
2020-01-22 21:35:47.496 [org.springframework.scheduling.quartz.SchedulerFactoryBean#0_Worker-9] INFO  y.master.quartz.WorkerRefreshTask -
                开始刷新已注册的worker……
2020-01-22 21:36:07.496 [org.springframework.scheduling.quartz.SchedulerFactoryBean#0_Worker-10] INFO  y.master.quartz.WorkerRefreshTask -
                开始刷新已注册的worker……
2020-01-22 21:36:27.496 [org.springframework.scheduling.quartz.SchedulerFactoryBean#0_Worker-1] INFO  y.master.quartz.WorkerRefreshTask -
                开始刷新已注册的worker……
2020-01-22 21:36:47.497 [org.springframework.scheduling.quartz.SchedulerFactoryBean#0_Worker-2] INFO  y.master.quartz.WorkerRefreshTask -
                开始刷新已注册的worker……
2020-01-22 21:37:07.496 [org.springframework.scheduling.quartz.SchedulerFactoryBean#0_Worker-3] INFO  y.master.quartz.WorkerRefreshTask -
                开始刷新已注册的worker……
2020-01-22 21:37:27.496 [org.springframework.scheduling.quartz.SchedulerFactoryBean#0_Worker-4] INFO  y.master.quartz.WorkerRefreshTask -
                开始刷新已注册的worker……
2020-01-22 21:37:27.500 [org.springframework.scheduling.quartz.SchedulerFactoryBean#0_Worker-5] INFO  y.m.quartz.BreakedQueueRefreshTask -
                开始刷新中断任务队列……
2020-01-22 21:37:47.499 [org.springframework.scheduling.quartz.SchedulerFactoryBean#0_Worker-6] INFO  y.master.quartz.WorkerRefreshTask -
                开始刷新已注册的worker……
2020-01-22 21:38:07.496 [org.springframework.scheduling.quartz.SchedulerFactoryBean#0_Worker-7] INFO  y.master.quartz.WorkerRefreshTask -
                开始刷新已注册的worker……
2020-01-22 21:38:27.497 [org.springframework.scheduling.quartz.SchedulerFactoryBean#0_Worker-8] INFO  y.master.quartz.WorkerRefreshTask -
                开始刷新已注册的worker……
2020-01-22 21:38:47.496 [org.springframework.scheduling.quartz.SchedulerFactoryBean#0_Worker-9] INFO  y.master.quartz.WorkerRefreshTask -
                开始刷新已注册的worker……
2020-01-22 21:39:07.496 [org.springframework.scheduling.quartz.SchedulerFactoryBean#0_Worker-10] INFO  y.master.quartz.WorkerRefreshTask -
                开始刷新已注册的worker……
2020-01-22 21:39:27.496 [org.springframework.scheduling.quartz.SchedulerFactoryBean#0_Worker-1] INFO  y.master.quartz.WorkerRefreshTask -
                开始刷新已注册的worker……
2020-01-22 21:39:47.496 [org.springframework.scheduling.quartz.SchedulerFactoryBean#0_Worker-2] INFO  y.master.quartz.WorkerRefreshTask -
                开始刷新已注册的worker……
2020-01-22 21:40:07.497 [org.springframework.scheduling.quartz.SchedulerFactoryBean#0_Worker-3] INFO  y.master.quartz.WorkerRefreshTask -
                开始刷新已注册的worker……
2020-01-22 21:40:27.497 [org.springframework.scheduling.quartz.SchedulerFactoryBean#0_Worker-4] INFO  y.master.quartz.WorkerRefreshTask -
                开始刷新已注册的worker……
2020-01-22 21:40:47.496 [org.springframework.scheduling.quartz.SchedulerFactoryBean#0_Worker-5] INFO  y.master.quartz.WorkerRefreshTask -
                开始刷新已注册的worker……
2020-01-22 21:41:07.496 [org.springframework.scheduling.quartz.SchedulerFactoryBean#0_Worker-6] INFO  y.master.quartz.WorkerRefreshTask -
                开始刷新已注册的worker……
2020-01-22 21:41:27.496 [org.springframework.scheduling.quartz.SchedulerFactoryBean#0_Worker-7] INFO  y.master.quartz.WorkerRefreshTask -
                开始刷新已注册的worker……
2020-01-22 21:41:47.497 [org.springframework.scheduling.quartz.SchedulerFactoryBean#0_Worker-8] INFO  y.master.quartz.WorkerRefreshTask -
                开始刷新已注册的worker……
2020-01-22 21:42:07.496 [org.springframework.scheduling.quartz.SchedulerFactoryBean#0_Worker-9] INFO  y.master.quartz.WorkerRefreshTask -
                开始刷新已注册的worker……
2020-01-22 21:42:27.496 [org.springframework.scheduling.quartz.SchedulerFactoryBean#0_Worker-10] INFO  y.master.quartz.WorkerRefreshTask -
                开始刷新已注册的worker……
2020-01-22 21:42:47.497 [org.springframework.scheduling.quartz.SchedulerFactoryBean#0_Worker-1] INFO  y.master.quartz.WorkerRefreshTask -
                开始刷新已注册的worker……
2020-01-22 21:43:07.496 [org.springframework.scheduling.quartz.SchedulerFactoryBean#0_Worker-2] INFO  y.master.quartz.WorkerRefreshTask -
                开始刷新已注册的worker……
2020-01-22 21:43:27.496 [org.springframework.scheduling.quartz.SchedulerFactoryBean#0_Worker-3] INFO  y.master.quartz.WorkerRefreshTask -
                开始刷新已注册的worker……
2020-01-22 21:43:47.497 [org.springframework.scheduling.quartz.SchedulerFactoryBean#0_Worker-4] INFO  y.master.quartz.WorkerRefreshTask -
                开始刷新已注册的worker……
2020-01-22 21:44:07.496 [org.springframework.scheduling.quartz.SchedulerFactoryBean#0_Worker-5] INFO  y.master.quartz.WorkerRefreshTask -
                开始刷新已注册的worker……
2020-01-22 21:44:27.497 [org.springframework.scheduling.quartz.SchedulerFactoryBean#0_Worker-6] INFO  y.master.quartz.WorkerRefreshTask -
                开始刷新已注册的worker……
2020-01-22 21:44:47.497 [org.springframework.scheduling.quartz.SchedulerFactoryBean#0_Worker-7] INFO  y.master.quartz.WorkerRefreshTask -
                开始刷新已注册的worker……
2020-01-22 21:45:07.496 [org.springframework.scheduling.quartz.SchedulerFactoryBean#0_Worker-8] INFO  y.master.quartz.WorkerRefreshTask -
                开始刷新已注册的worker……
2020-01-22 21:45:27.496 [org.springframework.scheduling.quartz.SchedulerFactoryBean#0_Worker-9] INFO  y.master.quartz.WorkerRefreshTask -
                开始刷新已注册的worker……
2020-01-22 21:45:47.496 [org.springframework.scheduling.quartz.SchedulerFactoryBean#0_Worker-10] INFO  y.master.quartz.WorkerRefreshTask -
                开始刷新已注册的worker……
2020-01-22 21:46:07.497 [org.springframework.scheduling.quartz.SchedulerFactoryBean#0_Worker-1] INFO  y.master.quartz.WorkerRefreshTask -
                开始刷新已注册的worker……
2020-01-22 21:46:27.496 [org.springframework.scheduling.quartz.SchedulerFactoryBean#0_Worker-2] INFO  y.master.quartz.WorkerRefreshTask -
                开始刷新已注册的worker……
2020-01-22 21:46:47.496 [org.springframework.scheduling.quartz.SchedulerFactoryBean#0_Worker-3] INFO  y.master.quartz.WorkerRefreshTask -
                开始刷新已注册的worker……
