2020-01-11 09:56:28.031 [main] INFO  yaycrawler.master.Application -
                Starting Application on SC-201911282100 with PID 4948 (I:\JavaProject\GIT\yaycrawler.master\target\classes started by Administrator in I:\JavaProject\GIT)
2020-01-11 09:56:28.036 [main] INFO  yaycrawler.master.Application -
                No active profile set, falling back to default profiles: default
2020-01-11 13:53:11.371 [main] INFO  yaycrawler.master.Application -
                Starting Application on SC-201911282100 with PID 9380 (I:\JavaProject\GIT\yaycrawler.master\target\classes started by Administrator in I:\JavaProject\GIT)
2020-01-11 13:53:11.375 [main] INFO  yaycrawler.master.Application -
                No active profile set, falling back to default profiles: default
2020-01-11 15:25:20.137 [main] INFO  yaycrawler.master.Application -
                Starting Application on SC-201911282100 with PID 13504 (I:\JavaProject\GIT\yaycrawler.master\target\classes started by Administrator in I:\JavaProject\GIT)
2020-01-11 15:25:20.141 [main] INFO  yaycrawler.master.Application -
                No active profile set, falling back to default profiles: default
2020-01-11 16:23:51.008 [main] INFO  yaycrawler.master.Application -
                Starting Application on SC-201911282100 with PID 9680 (I:\JavaProject\GIT\yaycrawler.master\target\classes started by Administrator in I:\JavaProject\GIT)
2020-01-11 16:23:51.015 [main] INFO  yaycrawler.master.Application -
                No active profile set, falling back to default profiles: default
2020-01-11 16:24:07.326 [main] INFO  yaycrawler.master.Application -
                Started Application in 16.904 seconds (JVM running for 24.529)
2020-01-11 16:24:25.431 [org.springframework.scheduling.quartz.SchedulerFactoryBean#0_Worker-1] INFO  y.master.quartz.WorkerRefreshTask -
                开始刷新已注册的worker……
2020-01-11 16:24:25.431 [org.springframework.scheduling.quartz.SchedulerFactoryBean#0_Worker-2] INFO  y.m.quartz.BreakedQueueRefreshTask -
                开始刷新中断任务队列……
2020-01-11 16:24:45.422 [org.springframework.scheduling.quartz.SchedulerFactoryBean#0_Worker-3] INFO  y.master.quartz.WorkerRefreshTask -
                开始刷新已注册的worker……
2020-01-11 16:25:05.421 [org.springframework.scheduling.quartz.SchedulerFactoryBean#0_Worker-4] INFO  y.master.quartz.WorkerRefreshTask -
                开始刷新已注册的worker……
2020-01-11 16:25:25.422 [org.springframework.scheduling.quartz.SchedulerFactoryBean#0_Worker-5] INFO  y.master.quartz.WorkerRefreshTask -
                开始刷新已注册的worker……
2020-01-12 15:34:29.803 [main] INFO  yaycrawler.master.Application -
                Starting Application on SC-201911282100 with PID 10016 (I:\JavaProject\GIT\yaycrawler.master\target\classes started by Administrator in I:\JavaProject\GIT)
2020-01-12 15:34:29.809 [main] INFO  yaycrawler.master.Application -
                No active profile set, falling back to default profiles: default
2020-01-12 15:34:52.881 [main] INFO  yaycrawler.master.Application -
                Started Application in 23.796 seconds (JVM running for 26.488)
2020-01-12 15:35:10.806 [org.springframework.scheduling.quartz.SchedulerFactoryBean#0_Worker-1] INFO  y.master.quartz.WorkerRefreshTask -
                开始刷新已注册的worker……
2020-01-12 15:35:10.806 [org.springframework.scheduling.quartz.SchedulerFactoryBean#0_Worker-2] INFO  y.m.quartz.BreakedQueueRefreshTask -
                开始刷新中断任务队列……
2020-01-12 15:35:30.798 [org.springframework.scheduling.quartz.SchedulerFactoryBean#0_Worker-3] INFO  y.master.quartz.WorkerRefreshTask -
                开始刷新已注册的worker……
2020-01-12 15:35:50.797 [org.springframework.scheduling.quartz.SchedulerFactoryBean#0_Worker-4] INFO  y.master.quartz.WorkerRefreshTask -
                开始刷新已注册的worker……
2020-01-12 15:36:10.797 [org.springframework.scheduling.quartz.SchedulerFactoryBean#0_Worker-5] INFO  y.master.quartz.WorkerRefreshTask -
                开始刷新已注册的worker……
2020-01-12 15:36:30.798 [org.springframework.scheduling.quartz.SchedulerFactoryBean#0_Worker-6] INFO  y.master.quartz.WorkerRefreshTask -
                开始刷新已注册的worker……
2020-01-12 15:36:50.797 [org.springframework.scheduling.quartz.SchedulerFactoryBean#0_Worker-7] INFO  y.master.quartz.WorkerRefreshTask -
                开始刷新已注册的worker……
2020-01-12 15:37:10.798 [org.springframework.scheduling.quartz.SchedulerFactoryBean#0_Worker-8] INFO  y.master.quartz.WorkerRefreshTask -
                开始刷新已注册的worker……
2020-01-12 15:37:30.797 [org.springframework.scheduling.quartz.SchedulerFactoryBean#0_Worker-9] INFO  y.master.quartz.WorkerRefreshTask -
                开始刷新已注册的worker……
2020-01-12 15:37:50.798 [org.springframework.scheduling.quartz.SchedulerFactoryBean#0_Worker-10] INFO  y.master.quartz.WorkerRefreshTask -
                开始刷新已注册的worker……
2020-01-12 15:38:10.797 [org.springframework.scheduling.quartz.SchedulerFactoryBean#0_Worker-1] INFO  y.master.quartz.WorkerRefreshTask -
                开始刷新已注册的worker……
2020-01-12 15:38:30.797 [org.springframework.scheduling.quartz.SchedulerFactoryBean#0_Worker-2] INFO  y.master.quartz.WorkerRefreshTask -
                开始刷新已注册的worker……
2020-01-12 15:38:50.798 [org.springframework.scheduling.quartz.SchedulerFactoryBean#0_Worker-3] INFO  y.master.quartz.WorkerRefreshTask -
                开始刷新已注册的worker……
2020-01-12 15:39:10.797 [org.springframework.scheduling.quartz.SchedulerFactoryBean#0_Worker-4] INFO  y.master.quartz.WorkerRefreshTask -
                开始刷新已注册的worker……
2020-01-12 15:39:30.798 [org.springframework.scheduling.quartz.SchedulerFactoryBean#0_Worker-5] INFO  y.master.quartz.WorkerRefreshTask -
                开始刷新已注册的worker……
2020-01-12 15:39:50.798 [org.springframework.scheduling.quartz.SchedulerFactoryBean#0_Worker-6] INFO  y.master.quartz.WorkerRefreshTask -
                开始刷新已注册的worker……
2020-01-12 15:40:10.797 [org.springframework.scheduling.quartz.SchedulerFactoryBean#0_Worker-7] INFO  y.master.quartz.WorkerRefreshTask -
                开始刷新已注册的worker……
2020-01-12 15:40:30.810 [org.springframework.scheduling.quartz.SchedulerFactoryBean#0_Worker-8] INFO  y.master.quartz.WorkerRefreshTask -
                开始刷新已注册的worker……
2020-01-12 15:40:50.799 [org.springframework.scheduling.quartz.SchedulerFactoryBean#0_Worker-9] INFO  y.master.quartz.WorkerRefreshTask -
                开始刷新已注册的worker……
2020-01-12 15:41:10.797 [org.springframework.scheduling.quartz.SchedulerFactoryBean#0_Worker-10] INFO  y.master.quartz.WorkerRefreshTask -
                开始刷新已注册的worker……
2020-01-12 15:41:30.798 [org.springframework.scheduling.quartz.SchedulerFactoryBean#0_Worker-1] INFO  y.master.quartz.WorkerRefreshTask -
                开始刷新已注册的worker……
2020-01-12 15:41:50.798 [org.springframework.scheduling.quartz.SchedulerFactoryBean#0_Worker-2] INFO  y.master.quartz.WorkerRefreshTask -
                开始刷新已注册的worker……
2020-01-12 15:42:10.798 [org.springframework.scheduling.quartz.SchedulerFactoryBean#0_Worker-3] INFO  y.master.quartz.WorkerRefreshTask -
                开始刷新已注册的worker……
2020-01-12 15:42:30.797 [org.springframework.scheduling.quartz.SchedulerFactoryBean#0_Worker-4] INFO  y.master.quartz.WorkerRefreshTask -
                开始刷新已注册的worker……
2020-01-12 15:42:50.798 [org.springframework.scheduling.quartz.SchedulerFactoryBean#0_Worker-5] INFO  y.master.quartz.WorkerRefreshTask -
                开始刷新已注册的worker……
2020-01-12 15:43:10.797 [org.springframework.scheduling.quartz.SchedulerFactoryBean#0_Worker-6] INFO  y.master.quartz.WorkerRefreshTask -
                开始刷新已注册的worker……
2020-01-12 15:43:30.798 [org.springframework.scheduling.quartz.SchedulerFactoryBean#0_Worker-7] INFO  y.master.quartz.WorkerRefreshTask -
                开始刷新已注册的worker……
2020-01-12 15:43:50.798 [org.springframework.scheduling.quartz.SchedulerFactoryBean#0_Worker-8] INFO  y.master.quartz.WorkerRefreshTask -
                开始刷新已注册的worker……
2020-01-12 15:44:17.938 [main] INFO  yaycrawler.master.Application -
                Starting Application on SC-201911282100 with PID 7672 (I:\JavaProject\GIT\yaycrawler.master\target\classes started by Administrator in I:\JavaProject\GIT)
2020-01-12 15:44:17.950 [main] INFO  yaycrawler.master.Application -
                No active profile set, falling back to default profiles: default
2020-01-12 15:44:26.388 [main] INFO  yaycrawler.master.Application -
                Starting Application on SC-201911282100 with PID 2512 (I:\JavaProject\GIT\yaycrawler.master\target\classes started by Administrator in I:\JavaProject\GIT)
2020-01-12 15:44:26.392 [main] INFO  yaycrawler.master.Application -
                No active profile set, falling back to default profiles: default
2020-01-12 15:44:42.170 [main] INFO  yaycrawler.master.Application -
                Started Application in 25.163 seconds (JVM running for 30.136)
2020-01-12 15:44:59.480 [org.springframework.scheduling.quartz.SchedulerFactoryBean#0_Worker-1] INFO  y.master.quartz.WorkerRefreshTask -
                开始刷新已注册的worker……
2020-01-12 15:44:59.480 [org.springframework.scheduling.quartz.SchedulerFactoryBean#0_Worker-2] INFO  y.m.quartz.BreakedQueueRefreshTask -
                开始刷新中断任务队列……
2020-01-12 15:45:02.106 [org.springframework.scheduling.quartz.SchedulerFactoryBean#0_Worker-1] INFO  y.master.quartz.WorkerRefreshTask -
                开始刷新已注册的worker……
2020-01-12 15:45:02.106 [org.springframework.scheduling.quartz.SchedulerFactoryBean#0_Worker-2] INFO  y.m.quartz.BreakedQueueRefreshTask -
                开始刷新中断任务队列……
2020-01-12 15:45:19.469 [org.springframework.scheduling.quartz.SchedulerFactoryBean#0_Worker-3] INFO  y.master.quartz.WorkerRefreshTask -
                开始刷新已注册的worker……
2020-01-12 15:45:22.099 [org.springframework.scheduling.quartz.SchedulerFactoryBean#0_Worker-3] INFO  y.master.quartz.WorkerRefreshTask -
                开始刷新已注册的worker……
2020-01-12 15:45:39.506 [org.springframework.scheduling.quartz.SchedulerFactoryBean#0_Worker-4] INFO  y.master.quartz.WorkerRefreshTask -
                开始刷新已注册的worker……
2020-01-12 15:45:59.469 [org.springframework.scheduling.quartz.SchedulerFactoryBean#0_Worker-5] INFO  y.master.quartz.WorkerRefreshTask -
                开始刷新已注册的worker……
2020-01-12 15:46:19.469 [org.springframework.scheduling.quartz.SchedulerFactoryBean#0_Worker-6] INFO  y.master.quartz.WorkerRefreshTask -
                开始刷新已注册的worker……
2020-01-12 15:46:39.470 [org.springframework.scheduling.quartz.SchedulerFactoryBean#0_Worker-7] INFO  y.master.quartz.WorkerRefreshTask -
                开始刷新已注册的worker……
2020-01-12 15:46:59.471 [org.springframework.scheduling.quartz.SchedulerFactoryBean#0_Worker-8] INFO  y.master.quartz.WorkerRefreshTask -
                开始刷新已注册的worker……
2020-01-12 15:47:19.469 [org.springframework.scheduling.quartz.SchedulerFactoryBean#0_Worker-9] INFO  y.master.quartz.WorkerRefreshTask -
                开始刷新已注册的worker……
2020-01-12 15:47:39.470 [org.springframework.scheduling.quartz.SchedulerFactoryBean#0_Worker-10] INFO  y.master.quartz.WorkerRefreshTask -
                开始刷新已注册的worker……
2020-01-12 15:47:59.469 [org.springframework.scheduling.quartz.SchedulerFactoryBean#0_Worker-1] INFO  y.master.quartz.WorkerRefreshTask -
                开始刷新已注册的worker……
2020-01-12 15:48:19.469 [org.springframework.scheduling.quartz.SchedulerFactoryBean#0_Worker-2] INFO  y.master.quartz.WorkerRefreshTask -
                开始刷新已注册的worker……
2020-01-12 15:48:39.469 [org.springframework.scheduling.quartz.SchedulerFactoryBean#0_Worker-3] INFO  y.master.quartz.WorkerRefreshTask -
                开始刷新已注册的worker……
2020-01-12 15:48:59.469 [org.springframework.scheduling.quartz.SchedulerFactoryBean#0_Worker-4] INFO  y.master.quartz.WorkerRefreshTask -
                开始刷新已注册的worker……
2020-01-12 15:49:19.470 [org.springframework.scheduling.quartz.SchedulerFactoryBean#0_Worker-5] INFO  y.master.quartz.WorkerRefreshTask -
                开始刷新已注册的worker……
2020-01-12 15:49:39.471 [org.springframework.scheduling.quartz.SchedulerFactoryBean#0_Worker-6] INFO  y.master.quartz.WorkerRefreshTask -
                开始刷新已注册的worker……
2020-01-12 15:49:59.469 [org.springframework.scheduling.quartz.SchedulerFactoryBean#0_Worker-7] INFO  y.master.quartz.WorkerRefreshTask -
                开始刷新已注册的worker……
2020-01-12 15:50:19.470 [org.springframework.scheduling.quartz.SchedulerFactoryBean#0_Worker-8] INFO  y.master.quartz.WorkerRefreshTask -
                开始刷新已注册的worker……
2020-01-12 15:50:39.469 [org.springframework.scheduling.quartz.SchedulerFactoryBean#0_Worker-9] INFO  y.master.quartz.WorkerRefreshTask -
                开始刷新已注册的worker……
2020-01-12 15:50:59.470 [org.springframework.scheduling.quartz.SchedulerFactoryBean#0_Worker-10] INFO  y.master.quartz.WorkerRefreshTask -
                开始刷新已注册的worker……
2020-01-12 15:51:19.470 [org.springframework.scheduling.quartz.SchedulerFactoryBean#0_Worker-1] INFO  y.master.quartz.WorkerRefreshTask -
                开始刷新已注册的worker……
2020-01-12 15:51:39.470 [org.springframework.scheduling.quartz.SchedulerFactoryBean#0_Worker-2] INFO  y.master.quartz.WorkerRefreshTask -
                开始刷新已注册的worker……
2020-01-12 15:51:59.470 [org.springframework.scheduling.quartz.SchedulerFactoryBean#0_Worker-3] INFO  y.master.quartz.WorkerRefreshTask -
                开始刷新已注册的worker……
2020-01-12 15:52:19.469 [org.springframework.scheduling.quartz.SchedulerFactoryBean#0_Worker-4] INFO  y.master.quartz.WorkerRefreshTask -
                开始刷新已注册的worker……
2020-01-12 15:52:39.470 [org.springframework.scheduling.quartz.SchedulerFactoryBean#0_Worker-5] INFO  y.master.quartz.WorkerRefreshTask -
                开始刷新已注册的worker……
2020-01-12 16:52:45.589 [main] INFO  yaycrawler.master.Application -
                Starting Application on SC-201911282100 with PID 10928 (I:\JavaProject\GIT\yaycrawler.master\target\classes started by Administrator in I:\JavaProject\GIT)
2020-01-12 16:52:45.669 [main] INFO  yaycrawler.master.Application -
                No active profile set, falling back to default profiles: default
2020-01-12 16:54:56.381 [main] INFO  yaycrawler.master.Application -
                Starting Application on SC-201911282100 with PID 10096 (I:\JavaProject\GIT\yaycrawler.master\target\classes started by Administrator in I:\JavaProject\GIT)
2020-01-12 16:54:56.386 [main] INFO  yaycrawler.master.Application -
                No active profile set, falling back to default profiles: default
2020-01-12 17:04:23.663 [main] INFO  yaycrawler.master.Application -
                Starting Application on SC-201911282100 with PID 11192 (I:\JavaProject\GIT\yaycrawler.master\target\classes started by Administrator in I:\JavaProject\GIT)
2020-01-12 17:04:23.666 [main] INFO  yaycrawler.master.Application -
                No active profile set, falling back to default profiles: default
2020-01-12 17:07:11.054 [main] INFO  yaycrawler.master.Application -
                Starting Application on SC-201911282100 with PID 8084 (I:\JavaProject\GIT\yaycrawler.master\target\classes started by Administrator in I:\JavaProject\GIT)
2020-01-12 17:07:11.058 [main] INFO  yaycrawler.master.Application -
                No active profile set, falling back to default profiles: default
2020-01-12 17:11:44.266 [main] INFO  yaycrawler.master.Application -
                Starting Application on SC-201911282100 with PID 1388 (I:\JavaProject\GIT\yaycrawler.master\target\classes started by Administrator in I:\JavaProject\GIT)
2020-01-12 17:11:44.272 [main] INFO  yaycrawler.master.Application -
                No active profile set, falling back to default profiles: default
2020-01-12 17:13:05.859 [main] INFO  yaycrawler.master.Application -
                Starting Application on SC-201911282100 with PID 2156 (I:\JavaProject\GIT\yaycrawler.master\target\classes started by Administrator in I:\JavaProject\GIT)
2020-01-12 17:13:05.863 [main] INFO  yaycrawler.master.Application -
                No active profile set, falling back to default profiles: default
2020-01-14 21:33:11.610 [main] INFO  yaycrawler.master.Application -
                Starting Application on SC-201911282100 with PID 8064 (I:\JavaProject\GIT\yaycrawler.master\target\classes started by Administrator in I:\JavaProject\GIT)
2020-01-14 21:33:11.633 [main] INFO  yaycrawler.master.Application -
                No active profile set, falling back to default profiles: default
2020-01-14 21:34:54.066 [main] INFO  yaycrawler.master.Application -
                Starting Application on SC-201911282100 with PID 11968 (I:\JavaProject\GIT\yaycrawler.master\target\classes started by Administrator in I:\JavaProject\GIT)
2020-01-14 21:34:54.083 [main] INFO  yaycrawler.master.Application -
                No active profile set, falling back to default profiles: default
2020-01-14 21:35:09.551 [main] INFO  yaycrawler.master.Application -
                Started Application in 16.142 seconds (JVM running for 17.899)
2020-01-14 21:35:28.151 [org.springframework.scheduling.quartz.SchedulerFactoryBean#0_Worker-1] INFO  y.master.quartz.WorkerRefreshTask -
                开始刷新已注册的worker……
2020-01-14 21:35:28.151 [org.springframework.scheduling.quartz.SchedulerFactoryBean#0_Worker-2] INFO  y.m.quartz.BreakedQueueRefreshTask -
                开始刷新中断任务队列……
2020-01-14 21:35:48.143 [org.springframework.scheduling.quartz.SchedulerFactoryBean#0_Worker-3] INFO  y.master.quartz.WorkerRefreshTask -
                开始刷新已注册的worker……
2020-01-14 21:36:08.144 [org.springframework.scheduling.quartz.SchedulerFactoryBean#0_Worker-4] INFO  y.master.quartz.WorkerRefreshTask -
                开始刷新已注册的worker……
2020-01-14 21:36:28.144 [org.springframework.scheduling.quartz.SchedulerFactoryBean#0_Worker-5] INFO  y.master.quartz.WorkerRefreshTask -
                开始刷新已注册的worker……
2020-01-14 21:36:48.143 [org.springframework.scheduling.quartz.SchedulerFactoryBean#0_Worker-6] INFO  y.master.quartz.WorkerRefreshTask -
                开始刷新已注册的worker……
2020-01-14 21:37:08.144 [org.springframework.scheduling.quartz.SchedulerFactoryBean#0_Worker-7] INFO  y.master.quartz.WorkerRefreshTask -
                开始刷新已注册的worker……
2020-01-14 21:37:28.143 [org.springframework.scheduling.quartz.SchedulerFactoryBean#0_Worker-8] INFO  y.master.quartz.WorkerRefreshTask -
                开始刷新已注册的worker……
2020-01-14 21:37:48.143 [org.springframework.scheduling.quartz.SchedulerFactoryBean#0_Worker-9] INFO  y.master.quartz.WorkerRefreshTask -
                开始刷新已注册的worker……
2020-01-14 21:38:08.143 [org.springframework.scheduling.quartz.SchedulerFactoryBean#0_Worker-10] INFO  y.master.quartz.WorkerRefreshTask -
                开始刷新已注册的worker……
2020-01-14 21:38:28.144 [org.springframework.scheduling.quartz.SchedulerFactoryBean#0_Worker-1] INFO  y.master.quartz.WorkerRefreshTask -
                开始刷新已注册的worker……
2020-01-14 21:38:48.144 [org.springframework.scheduling.quartz.SchedulerFactoryBean#0_Worker-2] INFO  y.master.quartz.WorkerRefreshTask -
                开始刷新已注册的worker……
2020-01-14 21:39:08.143 [org.springframework.scheduling.quartz.SchedulerFactoryBean#0_Worker-3] INFO  y.master.quartz.WorkerRefreshTask -
                开始刷新已注册的worker……
2020-01-14 21:39:28.144 [org.springframework.scheduling.quartz.SchedulerFactoryBean#0_Worker-4] INFO  y.master.quartz.WorkerRefreshTask -
                开始刷新已注册的worker……
2020-01-14 21:39:48.143 [org.springframework.scheduling.quartz.SchedulerFactoryBean#0_Worker-5] INFO  y.master.quartz.WorkerRefreshTask -
                开始刷新已注册的worker……
2020-01-14 21:40:08.145 [org.springframework.scheduling.quartz.SchedulerFactoryBean#0_Worker-6] INFO  y.master.quartz.WorkerRefreshTask -
                开始刷新已注册的worker……
2020-01-14 21:40:28.143 [org.springframework.scheduling.quartz.SchedulerFactoryBean#0_Worker-7] INFO  y.master.quartz.WorkerRefreshTask -
                开始刷新已注册的worker……
2020-01-14 21:40:48.143 [org.springframework.scheduling.quartz.SchedulerFactoryBean#0_Worker-8] INFO  y.master.quartz.WorkerRefreshTask -
                开始刷新已注册的worker……
