2020-01-15 19:00:35.231 [main] INFO  yaycrawler.master.Application -
                Starting Application on SC-201911282100 with PID 12400 (I:\JavaProject\GIT\yaycrawler.master\target\classes started by Administrator in I:\JavaProject\GIT)
2020-01-15 19:00:35.310 [main] INFO  yaycrawler.master.Application -
                No active profile set, falling back to default profiles: default
2020-01-15 19:00:50.284 [main] INFO  yaycrawler.master.Application -
                Started Application in 15.737 seconds (JVM running for 18.11)
2020-01-15 19:01:08.897 [org.springframework.scheduling.quartz.SchedulerFactoryBean#0_Worker-1] INFO  y.master.quartz.WorkerRefreshTask -
                开始刷新已注册的worker……
2020-01-15 19:01:08.897 [org.springframework.scheduling.quartz.SchedulerFactoryBean#0_Worker-2] INFO  y.m.quartz.BreakedQueueRefreshTask -
                开始刷新中断任务队列……
2020-01-15 19:01:28.888 [org.springframework.scheduling.quartz.SchedulerFactoryBean#0_Worker-3] INFO  y.master.quartz.WorkerRefreshTask -
                开始刷新已注册的worker……
2020-01-15 19:01:48.889 [org.springframework.scheduling.quartz.SchedulerFactoryBean#0_Worker-4] INFO  y.master.quartz.WorkerRefreshTask -
                开始刷新已注册的worker……
2020-01-15 19:02:08.888 [org.springframework.scheduling.quartz.SchedulerFactoryBean#0_Worker-5] INFO  y.master.quartz.WorkerRefreshTask -
                开始刷新已注册的worker……
2020-01-15 19:02:28.889 [org.springframework.scheduling.quartz.SchedulerFactoryBean#0_Worker-6] INFO  y.master.quartz.WorkerRefreshTask -
                开始刷新已注册的worker……
2020-01-15 19:02:48.888 [org.springframework.scheduling.quartz.SchedulerFactoryBean#0_Worker-7] INFO  y.master.quartz.WorkerRefreshTask -
                开始刷新已注册的worker……
2020-01-15 19:03:08.889 [org.springframework.scheduling.quartz.SchedulerFactoryBean#0_Worker-8] INFO  y.master.quartz.WorkerRefreshTask -
                开始刷新已注册的worker……
2020-01-15 19:03:28.889 [org.springframework.scheduling.quartz.SchedulerFactoryBean#0_Worker-9] INFO  y.master.quartz.WorkerRefreshTask -
                开始刷新已注册的worker……
2020-01-15 19:03:48.888 [org.springframework.scheduling.quartz.SchedulerFactoryBean#0_Worker-10] INFO  y.master.quartz.WorkerRefreshTask -
                开始刷新已注册的worker……
2020-01-15 19:04:08.888 [org.springframework.scheduling.quartz.SchedulerFactoryBean#0_Worker-1] INFO  y.master.quartz.WorkerRefreshTask -
                开始刷新已注册的worker……
2020-01-15 19:04:28.888 [org.springframework.scheduling.quartz.SchedulerFactoryBean#0_Worker-2] INFO  y.master.quartz.WorkerRefreshTask -
                开始刷新已注册的worker……
2020-01-15 19:04:48.888 [org.springframework.scheduling.quartz.SchedulerFactoryBean#0_Worker-3] INFO  y.master.quartz.WorkerRefreshTask -
                开始刷新已注册的worker……
2020-01-15 19:05:08.888 [org.springframework.scheduling.quartz.SchedulerFactoryBean#0_Worker-4] INFO  y.master.quartz.WorkerRefreshTask -
                开始刷新已注册的worker……
2020-01-15 19:05:28.889 [org.springframework.scheduling.quartz.SchedulerFactoryBean#0_Worker-5] INFO  y.master.quartz.WorkerRefreshTask -
                开始刷新已注册的worker……
2020-01-15 19:05:48.888 [org.springframework.scheduling.quartz.SchedulerFactoryBean#0_Worker-6] INFO  y.master.quartz.WorkerRefreshTask -
                开始刷新已注册的worker……
2020-01-15 19:06:08.889 [org.springframework.scheduling.quartz.SchedulerFactoryBean#0_Worker-7] INFO  y.master.quartz.WorkerRefreshTask -
                开始刷新已注册的worker……
2020-01-15 19:06:28.888 [org.springframework.scheduling.quartz.SchedulerFactoryBean#0_Worker-8] INFO  y.master.quartz.WorkerRefreshTask -
                开始刷新已注册的worker……
2020-01-15 19:06:48.888 [org.springframework.scheduling.quartz.SchedulerFactoryBean#0_Worker-9] INFO  y.master.quartz.WorkerRefreshTask -
                开始刷新已注册的worker……
2020-01-15 19:07:08.889 [org.springframework.scheduling.quartz.SchedulerFactoryBean#0_Worker-10] INFO  y.master.quartz.WorkerRefreshTask -
                开始刷新已注册的worker……
2020-01-15 19:07:28.889 [org.springframework.scheduling.quartz.SchedulerFactoryBean#0_Worker-1] INFO  y.master.quartz.WorkerRefreshTask -
                开始刷新已注册的worker……
2020-01-15 19:07:48.888 [org.springframework.scheduling.quartz.SchedulerFactoryBean#0_Worker-2] INFO  y.master.quartz.WorkerRefreshTask -
                开始刷新已注册的worker……
2020-01-15 19:08:08.888 [org.springframework.scheduling.quartz.SchedulerFactoryBean#0_Worker-3] INFO  y.master.quartz.WorkerRefreshTask -
                开始刷新已注册的worker……
2020-01-15 19:08:28.889 [org.springframework.scheduling.quartz.SchedulerFactoryBean#0_Worker-4] INFO  y.master.quartz.WorkerRefreshTask -
                开始刷新已注册的worker……
2020-01-15 19:08:48.888 [org.springframework.scheduling.quartz.SchedulerFactoryBean#0_Worker-5] INFO  y.master.quartz.WorkerRefreshTask -
                开始刷新已注册的worker……
2020-01-15 19:09:08.889 [org.springframework.scheduling.quartz.SchedulerFactoryBean#0_Worker-6] INFO  y.master.quartz.WorkerRefreshTask -
                开始刷新已注册的worker……
2020-01-15 19:09:28.888 [org.springframework.scheduling.quartz.SchedulerFactoryBean#0_Worker-7] INFO  y.master.quartz.WorkerRefreshTask -
                开始刷新已注册的worker……
2020-01-15 19:09:48.888 [org.springframework.scheduling.quartz.SchedulerFactoryBean#0_Worker-8] INFO  y.master.quartz.WorkerRefreshTask -
                开始刷新已注册的worker……
2020-01-15 19:10:08.888 [org.springframework.scheduling.quartz.SchedulerFactoryBean#0_Worker-9] INFO  y.master.quartz.WorkerRefreshTask -
                开始刷新已注册的worker……
2020-01-15 19:10:28.888 [org.springframework.scheduling.quartz.SchedulerFactoryBean#0_Worker-10] INFO  y.master.quartz.WorkerRefreshTask -
                开始刷新已注册的worker……
2020-01-15 19:10:48.889 [org.springframework.scheduling.quartz.SchedulerFactoryBean#0_Worker-1] INFO  y.master.quartz.WorkerRefreshTask -
                开始刷新已注册的worker……
2020-01-15 19:11:08.889 [org.springframework.scheduling.quartz.SchedulerFactoryBean#0_Worker-2] INFO  y.master.quartz.WorkerRefreshTask -
                开始刷新已注册的worker……
2020-01-15 19:11:28.888 [org.springframework.scheduling.quartz.SchedulerFactoryBean#0_Worker-3] INFO  y.master.quartz.WorkerRefreshTask -
                开始刷新已注册的worker……
2020-01-15 19:11:48.889 [org.springframework.scheduling.quartz.SchedulerFactoryBean#0_Worker-4] INFO  y.master.quartz.WorkerRefreshTask -
                开始刷新已注册的worker……
2020-01-15 19:12:08.888 [org.springframework.scheduling.quartz.SchedulerFactoryBean#0_Worker-5] INFO  y.master.quartz.WorkerRefreshTask -
                开始刷新已注册的worker……
2020-01-15 19:12:28.888 [org.springframework.scheduling.quartz.SchedulerFactoryBean#0_Worker-6] INFO  y.master.quartz.WorkerRefreshTask -
                开始刷新已注册的worker……
2020-01-15 19:12:48.889 [org.springframework.scheduling.quartz.SchedulerFactoryBean#0_Worker-7] INFO  y.master.quartz.WorkerRefreshTask -
                开始刷新已注册的worker……
2020-01-15 19:13:08.888 [org.springframework.scheduling.quartz.SchedulerFactoryBean#0_Worker-8] INFO  y.master.quartz.WorkerRefreshTask -
                开始刷新已注册的worker……
2020-01-15 19:13:28.888 [org.springframework.scheduling.quartz.SchedulerFactoryBean#0_Worker-9] INFO  y.master.quartz.WorkerRefreshTask -
                开始刷新已注册的worker……
2020-01-15 19:13:48.888 [org.springframework.scheduling.quartz.SchedulerFactoryBean#0_Worker-10] INFO  y.master.quartz.WorkerRefreshTask -
                开始刷新已注册的worker……
2020-01-15 19:14:08.889 [org.springframework.scheduling.quartz.SchedulerFactoryBean#0_Worker-1] INFO  y.master.quartz.WorkerRefreshTask -
                开始刷新已注册的worker……
2020-01-15 19:14:28.889 [org.springframework.scheduling.quartz.SchedulerFactoryBean#0_Worker-2] INFO  y.master.quartz.WorkerRefreshTask -
                开始刷新已注册的worker……
2020-01-15 19:14:48.888 [org.springframework.scheduling.quartz.SchedulerFactoryBean#0_Worker-3] INFO  y.master.quartz.WorkerRefreshTask -
                开始刷新已注册的worker……
2020-01-15 19:15:08.888 [org.springframework.scheduling.quartz.SchedulerFactoryBean#0_Worker-4] INFO  y.master.quartz.WorkerRefreshTask -
                开始刷新已注册的worker……
2020-01-15 19:15:28.889 [org.springframework.scheduling.quartz.SchedulerFactoryBean#0_Worker-5] INFO  y.master.quartz.WorkerRefreshTask -
                开始刷新已注册的worker……
2020-01-15 19:15:48.889 [org.springframework.scheduling.quartz.SchedulerFactoryBean#0_Worker-6] INFO  y.master.quartz.WorkerRefreshTask -
                开始刷新已注册的worker……
2020-01-15 19:16:08.889 [org.springframework.scheduling.quartz.SchedulerFactoryBean#0_Worker-7] INFO  y.master.quartz.WorkerRefreshTask -
                开始刷新已注册的worker……
2020-01-15 19:16:28.888 [org.springframework.scheduling.quartz.SchedulerFactoryBean#0_Worker-8] INFO  y.master.quartz.WorkerRefreshTask -
                开始刷新已注册的worker……
2020-01-15 19:16:48.889 [org.springframework.scheduling.quartz.SchedulerFactoryBean#0_Worker-9] INFO  y.master.quartz.WorkerRefreshTask -
                开始刷新已注册的worker……
2020-01-15 19:17:08.888 [org.springframework.scheduling.quartz.SchedulerFactoryBean#0_Worker-10] INFO  y.master.quartz.WorkerRefreshTask -
                开始刷新已注册的worker……
2020-01-15 19:17:28.889 [org.springframework.scheduling.quartz.SchedulerFactoryBean#0_Worker-1] INFO  y.master.quartz.WorkerRefreshTask -
                开始刷新已注册的worker……
2020-01-15 19:17:48.888 [org.springframework.scheduling.quartz.SchedulerFactoryBean#0_Worker-2] INFO  y.master.quartz.WorkerRefreshTask -
                开始刷新已注册的worker……
2020-01-15 19:18:08.889 [org.springframework.scheduling.quartz.SchedulerFactoryBean#0_Worker-3] INFO  y.master.quartz.WorkerRefreshTask -
                开始刷新已注册的worker……
2020-01-15 19:18:28.889 [org.springframework.scheduling.quartz.SchedulerFactoryBean#0_Worker-4] INFO  y.master.quartz.WorkerRefreshTask -
                开始刷新已注册的worker……
2020-01-15 19:18:48.888 [org.springframework.scheduling.quartz.SchedulerFactoryBean#0_Worker-5] INFO  y.master.quartz.WorkerRefreshTask -
                开始刷新已注册的worker……
2020-01-15 19:19:08.888 [org.springframework.scheduling.quartz.SchedulerFactoryBean#0_Worker-6] INFO  y.master.quartz.WorkerRefreshTask -
                开始刷新已注册的worker……
2020-01-15 19:19:28.889 [org.springframework.scheduling.quartz.SchedulerFactoryBean#0_Worker-7] INFO  y.master.quartz.WorkerRefreshTask -
                开始刷新已注册的worker……
2020-01-15 19:19:48.888 [org.springframework.scheduling.quartz.SchedulerFactoryBean#0_Worker-8] INFO  y.master.quartz.WorkerRefreshTask -
                开始刷新已注册的worker……
2020-01-15 19:20:08.888 [org.springframework.scheduling.quartz.SchedulerFactoryBean#0_Worker-9] INFO  y.master.quartz.WorkerRefreshTask -
                开始刷新已注册的worker……
2020-01-15 19:20:28.889 [org.springframework.scheduling.quartz.SchedulerFactoryBean#0_Worker-10] INFO  y.master.quartz.WorkerRefreshTask -
                开始刷新已注册的worker……
2020-01-15 19:20:48.888 [org.springframework.scheduling.quartz.SchedulerFactoryBean#0_Worker-1] INFO  y.master.quartz.WorkerRefreshTask -
                开始刷新已注册的worker……
2020-01-15 19:21:08.888 [org.springframework.scheduling.quartz.SchedulerFactoryBean#0_Worker-2] INFO  y.master.quartz.WorkerRefreshTask -
                开始刷新已注册的worker……
2020-01-15 19:21:28.888 [org.springframework.scheduling.quartz.SchedulerFactoryBean#0_Worker-3] INFO  y.master.quartz.WorkerRefreshTask -
                开始刷新已注册的worker……
2020-01-15 19:21:48.889 [org.springframework.scheduling.quartz.SchedulerFactoryBean#0_Worker-4] INFO  y.master.quartz.WorkerRefreshTask -
                开始刷新已注册的worker……
2020-01-15 19:22:08.888 [org.springframework.scheduling.quartz.SchedulerFactoryBean#0_Worker-5] INFO  y.master.quartz.WorkerRefreshTask -
                开始刷新已注册的worker……
2020-01-15 19:22:28.888 [org.springframework.scheduling.quartz.SchedulerFactoryBean#0_Worker-6] INFO  y.master.quartz.WorkerRefreshTask -
                开始刷新已注册的worker……
2020-01-15 19:22:48.889 [org.springframework.scheduling.quartz.SchedulerFactoryBean#0_Worker-7] INFO  y.master.quartz.WorkerRefreshTask -
                开始刷新已注册的worker……
2020-01-15 19:23:08.888 [org.springframework.scheduling.quartz.SchedulerFactoryBean#0_Worker-8] INFO  y.master.quartz.WorkerRefreshTask -
                开始刷新已注册的worker……
2020-01-15 19:23:28.897 [org.springframework.scheduling.quartz.SchedulerFactoryBean#0_Worker-9] INFO  y.master.quartz.WorkerRefreshTask -
                开始刷新已注册的worker……
2020-01-15 19:23:38.725 [main] INFO  yaycrawler.master.Application -
                Starting Application on SC-201911282100 with PID 12972 (I:\JavaProject\GIT\yaycrawler.master\target\classes started by Administrator in I:\JavaProject\GIT)
2020-01-15 19:23:38.730 [main] INFO  yaycrawler.master.Application -
                No active profile set, falling back to default profiles: default
2020-01-15 19:27:57.605 [main] INFO  yaycrawler.master.Application -
                Starting Application on SC-201911282100 with PID 6760 (I:\JavaProject\GIT\yaycrawler.master\target\classes started by Administrator in I:\JavaProject\GIT)
2020-01-15 19:27:57.611 [main] INFO  yaycrawler.master.Application -
                No active profile set, falling back to default profiles: default
2020-01-18 16:07:18.317 [main] INFO  yaycrawler.master.Application -
                Starting Application on SC-201911282100 with PID 13336 (I:\JavaProject\GIT\yaycrawler.master\target\classes started by Administrator in I:\JavaProject\GIT)
2020-01-18 16:07:18.394 [main] INFO  yaycrawler.master.Application -
                No active profile set, falling back to default profiles: default
2020-01-18 16:13:09.649 [main] INFO  yaycrawler.master.Application -
                Starting Application on SC-201911282100 with PID 8700 (I:\JavaProject\GIT\yaycrawler.master\target\classes started by Administrator in I:\JavaProject\GIT)
2020-01-18 16:13:09.666 [main] INFO  yaycrawler.master.Application -
                No active profile set, falling back to default profiles: default
2020-01-18 16:13:41.162 [main] INFO  yaycrawler.master.Application -
                Starting Application on SC-201911282100 with PID 13992 (I:\JavaProject\GIT\yaycrawler.master\target\classes started by Administrator in I:\JavaProject\GIT)
2020-01-18 16:13:41.166 [main] INFO  yaycrawler.master.Application -
                No active profile set, falling back to default profiles: default
2020-01-18 16:16:42.044 [main] INFO  yaycrawler.master.Application -
                Starting Application on SC-201911282100 with PID 13988 (I:\JavaProject\GIT\yaycrawler.master\target\classes started by Administrator in I:\JavaProject\GIT)
2020-01-18 16:16:42.048 [main] INFO  yaycrawler.master.Application -
                No active profile set, falling back to default profiles: default
